C             -0.6425067200            399.2434989800              0.0000000000  Type C  Rank 0
             -0.0028488425
C              0.6425067200            401.4692083000              0.0000000000  Type C  Rank 0
             -0.0032248434
C              0.6425067200            396.8408111500              0.0000000000  Type C  Rank 0
             -0.0026060762
C             -0.6425067200            394.6151018300              0.0000000000  Type C  Rank 0
             -0.0024750069
C              0.6425067200            392.2124139900              0.0000000000  Type C  Rank 0
             -0.0023788423
C             -0.6425067200            389.9867046700              0.0000000000  Type C  Rank 0
             -0.0023160446
C              0.6425067200            387.5840168400              0.0000000000  Type C  Rank 0
             -0.0022635834
C             -0.6425067200            385.3583075200              0.0000000000  Type C  Rank 0
             -0.0022249722
C              0.6425067200            382.9556196900              0.0000000000  Type C  Rank 0
             -0.0021901547
C             -0.6425067200            380.7299103700              0.0000000000  Type C  Rank 0
             -0.0021627860
C              0.6425067200            378.3272225400              0.0000000000  Type C  Rank 0
             -0.0021370258
C             -0.6425067200            376.1015132200              0.0000000000  Type C  Rank 0
             -0.0021159888
C              0.6425067200            373.6988253900              0.0000000000  Type C  Rank 0
             -0.0020956588
C             -0.6425067200            371.4731160700              0.0000000000  Type C  Rank 0
             -0.0020786431
C              0.6425067200            369.0704282400              0.0000000000  Type C  Rank 0
             -0.0020619011
C             -0.6425067200            366.8447189200              0.0000000000  Type C  Rank 0
             -0.0020476447
C              0.6425067200            364.4420310800              0.0000000000  Type C  Rank 0
             -0.0020334316
C             -0.6425067200            362.2163217600              0.0000000000  Type C  Rank 0
             -0.0020211721
C              0.6425067200            359.8136339300              0.0000000000  Type C  Rank 0
             -0.0020088251
C             -0.6425067200            357.5879246100              0.0000000000  Type C  Rank 0
             -0.0019980681
C              0.6425067200            355.1852367800              0.0000000000  Type C  Rank 0
             -0.0019871462
C             -0.6425067200            352.9595274600              0.0000000000  Type C  Rank 0
             -0.0019775538
C              0.6425067200            350.5568396300              0.0000000000  Type C  Rank 0
             -0.0019677492
C             -0.6425067200            348.3311303100              0.0000000000  Type C  Rank 0
             -0.0019590806
C              0.6425067200            345.9284424800              0.0000000000  Type C  Rank 0
             -0.0019501706
C             -0.6425067200            343.7027331600              0.0000000000  Type C  Rank 0
             -0.0019422484
C              0.6425067200            341.3000453200              0.0000000000  Type C  Rank 0
             -0.0019340665
C             -0.6425067200            339.0743360000              0.0000000000  Type C  Rank 0
             -0.0019267565
C              0.6425067200            336.6716481700              0.0000000000  Type C  Rank 0
             -0.0019191752
C             -0.6425067200            334.4459388500              0.0000000000  Type C  Rank 0
             -0.0019123732
C              0.6425067200            332.0432510200              0.0000000000  Type C  Rank 0
             -0.0019052926
C             -0.6425067200            329.8175417000              0.0000000000  Type C  Rank 0
             -0.0018989161
C              0.6425067200            327.4148538700              0.0000000000  Type C  Rank 0
             -0.0018922564
C             -0.6425067200            325.1891445500              0.0000000000  Type C  Rank 0
             -0.0018862389
C              0.6425067200            322.7864567200              0.0000000000  Type C  Rank 0
             -0.0018799353
C             -0.6425067200            320.5607474000              0.0000000000  Type C  Rank 0
             -0.0018742223
C              0.6425067200            318.1580595700              0.0000000000  Type C  Rank 0
             -0.0018682213
C             -0.6425067200            315.9323502500              0.0000000000  Type C  Rank 0
             -0.0018627675
C              0.6425067200            313.5296624100              0.0000000000  Type C  Rank 0
             -0.0018570242
C             -0.6425067200            311.3039530900              0.0000000000  Type C  Rank 0
             -0.0018517914
C              0.6425067200            308.9012652600              0.0000000000  Type C  Rank 0
             -0.0018462679
C             -0.6425067200            306.6755559400              0.0000000000  Type C  Rank 0
             -0.0018412234
C              0.6425067200            304.2728681100              0.0000000000  Type C  Rank 0
             -0.0018358870
C             -0.6425067200            302.0471587900              0.0000000000  Type C  Rank 0
             -0.0018310026
C              0.6425067200            299.6444709600              0.0000000000  Type C  Rank 0
             -0.0018258249
C             -0.6425067200            297.4187616400              0.0000000000  Type C  Rank 0
             -0.0018210758
C              0.6425067200            295.0160738100              0.0000000000  Type C  Rank 0
             -0.0018160317
C             -0.6425067200            292.7903644900              0.0000000000  Type C  Rank 0
             -0.0018113960
C              0.6425067200            290.3876766500              0.0000000000  Type C  Rank 0
             -0.0018064632
C             -0.6425067200            288.1619673300              0.0000000000  Type C  Rank 0
             -0.0018019213
C              0.6425067200            285.7592795000              0.0000000000  Type C  Rank 0
             -0.0017970797
C             -0.6425067200            283.5335701800              0.0000000000  Type C  Rank 0
             -0.0017926138
C              0.6425067200            281.1308823500              0.0000000000  Type C  Rank 0
             -0.0017878451
C             -0.6425067200            278.9051730300              0.0000000000  Type C  Rank 0
             -0.0017834389
C              0.6425067200            276.5024852000              0.0000000000  Type C  Rank 0
             -0.0017787261
C             -0.6425067200            274.2767758800              0.0000000000  Type C  Rank 0
             -0.0017743643
C              0.6425067200            271.8740880500              0.0000000000  Type C  Rank 0
             -0.0017696918
C             -0.6425067200            269.6483787300              0.0000000000  Type C  Rank 0
             -0.0017653602
C              0.6425067200            267.2456908900              0.0000000000  Type C  Rank 0
             -0.0017607129
C             -0.6425067200            265.0199815700              0.0000000000  Type C  Rank 0
             -0.0017563981
C              0.6425067200            262.6172937400              0.0000000000  Type C  Rank 0
             -0.0017517618
C             -0.6425067200            260.3915844200              0.0000000000  Type C  Rank 0
             -0.0017474507
C              0.6425067200            257.9888965900              0.0000000000  Type C  Rank 0
             -0.0017428116
C             -0.6425067200            255.7631872700              0.0000000000  Type C  Rank 0
             -0.0017384916
C              0.6425067200            253.3604994400              0.0000000000  Type C  Rank 0
             -0.0017338363
C             -0.6425067200            251.1347901200              0.0000000000  Type C  Rank 0
             -0.0017294950
C              0.6425067200            248.7321022900              0.0000000000  Type C  Rank 0
             -0.0017248102
C             -0.6425067200            246.5063929700              0.0000000000  Type C  Rank 0
             -0.0017204353
C              0.6425067200            244.1037051400              0.0000000000  Type C  Rank 0
             -0.0017157078
C             -0.6425067200            241.8779958200              0.0000000000  Type C  Rank 0
             -0.0017112868
C              0.6425067200            239.4753079800              0.0000000000  Type C  Rank 0
             -0.0017065031
C             -0.6425067200            237.2495986600              0.0000000000  Type C  Rank 0
             -0.0017020235
C              0.6425067200            234.8469108300              0.0000000000  Type C  Rank 0
             -0.0016971701
C             -0.6425067200            232.6212015100              0.0000000000  Type C  Rank 0
             -0.0016926191
C              0.6425067200            230.2185136800              0.0000000000  Type C  Rank 0
             -0.0016876818
C             -0.6425067200            227.9928043600              0.0000000000  Type C  Rank 0
             -0.0016830462
C              0.6425067200            225.5901165300              0.0000000000  Type C  Rank 0
             -0.0016780106
C             -0.6425067200            223.3644072100              0.0000000000  Type C  Rank 0
             -0.0016732765
C              0.6425067200            220.9617193800              0.0000000000  Type C  Rank 0
             -0.0016681273
C             -0.6425067200            218.7360100600              0.0000000000  Type C  Rank 0
             -0.0016632803
C              0.6425067200            216.3333222200              0.0000000000  Type C  Rank 0
             -0.0016580016
C             -0.6425067200            214.1076129000              0.0000000000  Type C  Rank 0
             -0.0016530263
C              0.6425067200            211.7049250700              0.0000000000  Type C  Rank 0
             -0.0016476011
C             -0.6425067200            209.4792157500              0.0000000000  Type C  Rank 0
             -0.0016424812
C              0.6425067200            207.0765279200              0.0000000000  Type C  Rank 0
             -0.0016368914
C             -0.6425067200            204.8508186000              0.0000000000  Type C  Rank 0
             -0.0016316095
C              0.6425067200            202.4481307700              0.0000000000  Type C  Rank 0
             -0.0016258356
C             -0.6425067200            200.2224214500              0.0000000000  Type C  Rank 0
             -0.0016203729
C              0.6425067200            197.8197336200              0.0000000000  Type C  Rank 0
             -0.0016143939
C             -0.6425067200            195.5940243000              0.0000000000  Type C  Rank 0
             -0.0016087301
C              0.6425067200            193.1913364700              0.0000000000  Type C  Rank 0
             -0.0016025231
C             -0.6425067200            190.9656271500              0.0000000000  Type C  Rank 0
             -0.0015966359
C              0.6425067200            188.5629393100              0.0000000000  Type C  Rank 0
             -0.0015901761
C             -0.6425067200            186.3372299900              0.0000000000  Type C  Rank 0
             -0.0015840414
C              0.6425067200            183.9345421600              0.0000000000  Type C  Rank 0
             -0.0015773014
C             -0.6425067200            181.7088328400              0.0000000000  Type C  Rank 0
             -0.0015708924
C              0.6425067200            179.3061450100              0.0000000000  Type C  Rank 0
             -0.0015638421
C             -0.6425067200            177.0804356900              0.0000000000  Type C  Rank 0
             -0.0015571294
C              0.6425067200            174.6777478600              0.0000000000  Type C  Rank 0
             -0.0015497355
C             -0.6425067200            172.4520385400              0.0000000000  Type C  Rank 0
             -0.0015426865
C              0.6425067200            170.0493507100              0.0000000000  Type C  Rank 0
             -0.0015349119
C             -0.6425067200            167.8236413900              0.0000000000  Type C  Rank 0
             -0.0015274900
C              0.6425067200            165.4209535500              0.0000000000  Type C  Rank 0
             -0.0015192933
C             -0.6425067200            163.1952442300              0.0000000000  Type C  Rank 0
             -0.0015114580
C              0.6425067200            160.7925564000              0.0000000000  Type C  Rank 0
             -0.0015027928
C             -0.6425067200            158.5668470800              0.0000000000  Type C  Rank 0
             -0.0014944982
C              0.6425067200            156.1641592500              0.0000000000  Type C  Rank 0
             -0.0014853122
C             -0.6425067200            153.9384499300              0.0000000000  Type C  Rank 0
             -0.0014765066
C              0.6425067200            151.5357621000              0.0000000000  Type C  Rank 0
             -0.0014667407
C             -0.6425067200            149.3100527800              0.0000000000  Type C  Rank 0
             -0.0014573654
C              0.6425067200            146.9073649500              0.0000000000  Type C  Rank 0
             -0.0014469523
C             -0.6425067200            144.6816556300              0.0000000000  Type C  Rank 0
             -0.0014369407
C              0.6425067200            142.2789678000              0.0000000000  Type C  Rank 0
             -0.0014258037
C             -0.6425067200            140.0532584800              0.0000000000  Type C  Rank 0
             -0.0014150792
C              0.6425067200            137.6505706400              0.0000000000  Type C  Rank 0
             -0.0014031302
C             -0.6425067200            135.4248613200              0.0000000000  Type C  Rank 0
             -0.0013916049
C              0.6425067200            133.0221734900              0.0000000000  Type C  Rank 0
             -0.0013787422
C             -0.6425067200            130.7964641700              0.0000000000  Type C  Rank 0
             -0.0013663146
C              0.6425067200            128.3937763400              0.0000000000  Type C  Rank 0
             -0.0013524204
C             -0.6425067200            126.1680670200              0.0000000000  Type C  Rank 0
             -0.0013389721
C              0.6425067200            123.7653791900              0.0000000000  Type C  Rank 0
             -0.0013239091
C             -0.6425067200            121.5396698700              0.0000000000  Type C  Rank 0
             -0.0013093019
C              0.6425067200            119.1369820400              0.0000000000  Type C  Rank 0
             -0.0012929090
C             -0.6425067200            116.9112727200              0.0000000000  Type C  Rank 0
             -0.0012769802
C              0.6425067200            114.5085848800              0.0000000000  Type C  Rank 0
             -0.0012590671
C             -0.6425067200            112.2828755600              0.0000000000  Type C  Rank 0
             -0.0012416241
C              0.6425067200            109.8801877300              0.0000000000  Type C  Rank 0
             -0.0012219648
C             -0.6425067200            107.6544784100              0.0000000000  Type C  Rank 0
             -0.0012027777
C              0.6425067200            105.2517905800              0.0000000000  Type C  Rank 0
             -0.0011811016
C             -0.6425067200            103.0260812600              0.0000000000  Type C  Rank 0
             -0.0011598941
C              0.6425067200            100.6233934300              0.0000000000  Type C  Rank 0
             -0.0011358745
C             -0.6425067200             98.3976841100              0.0000000000  Type C  Rank 0
             -0.0011123119
C              0.6425067200             95.9949962800              0.0000000000  Type C  Rank 0
             -0.0010855510
C             -0.6425067200             93.7692869600              0.0000000000  Type C  Rank 0
             -0.0010592239
C              0.6425067200             91.3665991300              0.0000000000  Type C  Rank 0
             -0.0010292332
C             -0.6425067200             89.1408898100              0.0000000000  Type C  Rank 0
             -0.0009996359
C              0.6425067200             86.7382019700              0.0000000000  Type C  Rank 0
             -0.0009658087
C             -0.6425067200             84.5124926500              0.0000000000  Type C  Rank 0
             -0.0009323100
C              0.6425067200             82.1098048200              0.0000000000  Type C  Rank 0
             -0.0008938845
C             -0.6425067200             79.8840955000              0.0000000000  Type C  Rank 0
             -0.0008556868
C              0.6425067200             77.4814076700              0.0000000000  Type C  Rank 0
             -0.0008116944
C             -0.6425067200             75.2556983500              0.0000000000  Type C  Rank 0
             -0.0007677767
C              0.6425067200             72.8530105200              0.0000000000  Type C  Rank 0
             -0.0007169681
C             -0.6425067200             70.6273012000              0.0000000000  Type C  Rank 0
             -0.0006660037
C              0.6425067200             68.2246133700              0.0000000000  Type C  Rank 0
             -0.0006067426
C             -0.6425067200             65.9989040500              0.0000000000  Type C  Rank 0
             -0.0005469785
C              0.6425067200             63.5962162100              0.0000000000  Type C  Rank 0
             -0.0004770827
C             -0.6425067200             61.3705068900              0.0000000000  Type C  Rank 0
             -0.0004061585
C              0.6425067200             58.9678190600              0.0000000000  Type C  Rank 0
             -0.0003226590
C             -0.6425067200             56.7421097400              0.0000000000  Type C  Rank 0
             -0.0002373269
C              0.6425067200             54.3394219100              0.0000000000  Type C  Rank 0
             -0.0001360885
C             -0.6425067200             52.1137125900              0.0000000000  Type C  Rank 0
             -0.0000317663
C              0.6425067200             49.7110247600              0.0000000000  Type C  Rank 0
              0.0000931274
C             -0.6425067200             47.4853154400              0.0000000000  Type C  Rank 0
              0.0002230957
C              0.6425067200             45.0826276100              0.0000000000  Type C  Rank 0
              0.0003803829
C             -0.6425067200             42.8569182900              0.0000000000  Type C  Rank 0
              0.0005460064
C              0.6425067200             40.4542304500              0.0000000000  Type C  Rank 0
              0.0007490908
C             -0.6425067200             38.2285211300              0.0000000000  Type C  Rank 0
              0.0009660597
C              0.6425067200             35.8258333000              0.0000000000  Type C  Rank 0
              0.0012364694
C             -0.6425067200             33.6001239800              0.0000000000  Type C  Rank 0
              0.0015306694
C              0.6425067200             31.1974361500              0.0000000000  Type C  Rank 0
              0.0019050172
C             -0.6425067200             28.9717268300              0.0000000000  Type C  Rank 0
              0.0023219975
C              0.6425067200             26.5690390000              0.0000000000  Type C  Rank 0
              0.0028672930
C             -0.6425067200             24.3433296800              0.0000000000  Type C  Rank 0
              0.0034942445
C              0.6425067200             21.9406418500              0.0000000000  Type C  Rank 0
              0.0043457155
C             -0.6425067200             19.7149325300              0.0000000000  Type C  Rank 0
              0.0053696490
C              0.6425067200             17.3122447000              0.0000000000  Type C  Rank 0
              0.0068389414
C             -0.6425067200             15.0865353800              0.0000000000  Type C  Rank 0
              0.0087270972
C              0.6425067200             12.6838475400              0.0000000000  Type C  Rank 0
              0.0116652258
C             -0.6425067200             10.4581382200              0.0000000000  Type C  Rank 0
              0.0158069832
C              0.6425067200              8.0554503900              0.0000000000  Type C  Rank 0
              0.0229009631
C             -0.6425067200              5.8297410700              0.0000000000  Type C  Rank 0
              0.0335713315
C              0.6425067200              3.4270532400              0.0000000000  Type C  Rank 0
              0.0507163704
C             -0.6425067200              1.2013439200              0.0000000000  Type C  Rank 0
              0.0667304494
C              0.6425067200             -1.2013439100              0.0000000000  Type C  Rank 0
              0.0667304494
C             -0.6425067200             -3.4270532300              0.0000000000  Type C  Rank 0
              0.0507163704
C              0.6425067200             -5.8297410600              0.0000000000  Type C  Rank 0
              0.0335713316
C             -0.6425067200             -8.0554503800              0.0000000000  Type C  Rank 0
              0.0229009631
C              0.6425067200            -10.4581382200              0.0000000000  Type C  Rank 0
              0.0158069832
C             -0.6425067200            -12.6838475400              0.0000000000  Type C  Rank 0
              0.0116652258
C              0.6425067200            -15.0865353700              0.0000000000  Type C  Rank 0
              0.0087270972
C             -0.6425067200            -17.3122446900              0.0000000000  Type C  Rank 0
              0.0068389414
C              0.6425067200            -19.7149325200              0.0000000000  Type C  Rank 0
              0.0053696490
C             -0.6425067200            -21.9406418400              0.0000000000  Type C  Rank 0
              0.0043457155
C              0.6425067200            -24.3433296700              0.0000000000  Type C  Rank 0
              0.0034942445
C             -0.6425067200            -26.5690389900              0.0000000000  Type C  Rank 0
              0.0028672930
C              0.6425067200            -28.9717268200              0.0000000000  Type C  Rank 0
              0.0023219975
C             -0.6425067200            -31.1974361400              0.0000000000  Type C  Rank 0
              0.0019050172
C              0.6425067200            -33.6001239700              0.0000000000  Type C  Rank 0
              0.0015306694
C             -0.6425067200            -35.8258332900              0.0000000000  Type C  Rank 0
              0.0012364694
C              0.6425067200            -38.2285211300              0.0000000000  Type C  Rank 0
              0.0009660597
C             -0.6425067200            -40.4542304500              0.0000000000  Type C  Rank 0
              0.0007490908
C              0.6425067200            -42.8569182800              0.0000000000  Type C  Rank 0
              0.0005460064
C             -0.6425067200            -45.0826276000              0.0000000000  Type C  Rank 0
              0.0003803829
C              0.6425067200            -47.4853154300              0.0000000000  Type C  Rank 0
              0.0002230957
C             -0.6425067200            -49.7110247500              0.0000000000  Type C  Rank 0
              0.0000931274
C              0.6425067200            -52.1137125800              0.0000000000  Type C  Rank 0
             -0.0000317663
C             -0.6425067200            -54.3394219000              0.0000000000  Type C  Rank 0
             -0.0001360885
C              0.6425067200            -56.7421097300              0.0000000000  Type C  Rank 0
             -0.0002373269
C             -0.6425067200            -58.9678190500              0.0000000000  Type C  Rank 0
             -0.0003226590
C              0.6425067200            -61.3705068900              0.0000000000  Type C  Rank 0
             -0.0004061585
C             -0.6425067200            -63.5962162100              0.0000000000  Type C  Rank 0
             -0.0004770827
C              0.6425067200            -65.9989040400              0.0000000000  Type C  Rank 0
             -0.0005469785
C             -0.6425067200            -68.2246133600              0.0000000000  Type C  Rank 0
             -0.0006067426
C              0.6425067200            -70.6273011900              0.0000000000  Type C  Rank 0
             -0.0006660037
C             -0.6425067200            -72.8530105100              0.0000000000  Type C  Rank 0
             -0.0007169681
C              0.6425067200            -75.2556983400              0.0000000000  Type C  Rank 0
             -0.0007677767
C             -0.6425067200            -77.4814076600              0.0000000000  Type C  Rank 0
             -0.0008116944
C              0.6425067200            -79.8840954900              0.0000000000  Type C  Rank 0
             -0.0008556868
C             -0.6425067200            -82.1098048100              0.0000000000  Type C  Rank 0
             -0.0008938845
C              0.6425067200            -84.5124926400              0.0000000000  Type C  Rank 0
             -0.0009323100
C             -0.6425067200            -86.7382019600              0.0000000000  Type C  Rank 0
             -0.0009658087
C              0.6425067200            -89.1408898000              0.0000000000  Type C  Rank 0
             -0.0009996359
C             -0.6425067200            -91.3665991200              0.0000000000  Type C  Rank 0
             -0.0010292332
C              0.6425067200            -93.7692869500              0.0000000000  Type C  Rank 0
             -0.0010592239
C             -0.6425067200            -95.9949962700              0.0000000000  Type C  Rank 0
             -0.0010855510
C              0.6425067200            -98.3976841000              0.0000000000  Type C  Rank 0
             -0.0011123119
C             -0.6425067200           -100.6233934200              0.0000000000  Type C  Rank 0
             -0.0011358745
C              0.6425067200           -103.0260812500              0.0000000000  Type C  Rank 0
             -0.0011598941
C             -0.6425067200           -105.2517905700              0.0000000000  Type C  Rank 0
             -0.0011811016
C              0.6425067200           -107.6544784000              0.0000000000  Type C  Rank 0
             -0.0012027777
C             -0.6425067200           -109.8801877200              0.0000000000  Type C  Rank 0
             -0.0012219648
C              0.6425067200           -112.2828755600              0.0000000000  Type C  Rank 0
             -0.0012416241
C             -0.6425067200           -114.5085848800              0.0000000000  Type C  Rank 0
             -0.0012590671
C              0.6425067200           -116.9112727100              0.0000000000  Type C  Rank 0
             -0.0012769802
C             -0.6425067200           -119.1369820300              0.0000000000  Type C  Rank 0
             -0.0012929090
C              0.6425067200           -121.5396698600              0.0000000000  Type C  Rank 0
             -0.0013093019
C             -0.6425067200           -123.7653791800              0.0000000000  Type C  Rank 0
             -0.0013239091
C              0.6425067200           -126.1680670100              0.0000000000  Type C  Rank 0
             -0.0013389721
C             -0.6425067200           -128.3937763300              0.0000000000  Type C  Rank 0
             -0.0013524204
C              0.6425067200           -130.7964641600              0.0000000000  Type C  Rank 0
             -0.0013663146
C             -0.6425067200           -133.0221734800              0.0000000000  Type C  Rank 0
             -0.0013787422
C              0.6425067200           -135.4248613200              0.0000000000  Type C  Rank 0
             -0.0013916049
C             -0.6425067200           -137.6505706400              0.0000000000  Type C  Rank 0
             -0.0014031302
C              0.6425067200           -140.0532584700              0.0000000000  Type C  Rank 0
             -0.0014150792
C             -0.6425067200           -142.2789677900              0.0000000000  Type C  Rank 0
             -0.0014258037
C              0.6425067200           -144.6816556200              0.0000000000  Type C  Rank 0
             -0.0014369407
C             -0.6425067200           -146.9073649400              0.0000000000  Type C  Rank 0
             -0.0014469523
C              0.6425067200           -149.3100527700              0.0000000000  Type C  Rank 0
             -0.0014573654
C             -0.6425067200           -151.5357620900              0.0000000000  Type C  Rank 0
             -0.0014667407
C              0.6425067200           -153.9384499200              0.0000000000  Type C  Rank 0
             -0.0014765066
C             -0.6425067200           -156.1641592400              0.0000000000  Type C  Rank 0
             -0.0014853122
C              0.6425067200           -158.5668470700              0.0000000000  Type C  Rank 0
             -0.0014944982
C             -0.6425067200           -160.7925563900              0.0000000000  Type C  Rank 0
             -0.0015027928
C              0.6425067200           -163.1952442300              0.0000000000  Type C  Rank 0
             -0.0015114580
C             -0.6425067200           -165.4209535500              0.0000000000  Type C  Rank 0
             -0.0015192933
C              0.6425067200           -167.8236413800              0.0000000000  Type C  Rank 0
             -0.0015274900
C             -0.6425067200           -170.0493507000              0.0000000000  Type C  Rank 0
             -0.0015349119
C              0.6425067200           -172.4520385300              0.0000000000  Type C  Rank 0
             -0.0015426865
C             -0.6425067200           -174.6777478500              0.0000000000  Type C  Rank 0
             -0.0015497355
C              0.6425067200           -177.0804356800              0.0000000000  Type C  Rank 0
             -0.0015571294
C             -0.6425067200           -179.3061450000              0.0000000000  Type C  Rank 0
             -0.0015638421
C              0.6425067200           -181.7088328300              0.0000000000  Type C  Rank 0
             -0.0015708924
C             -0.6425067200           -183.9345421500              0.0000000000  Type C  Rank 0
             -0.0015773014
C              0.6425067200           -186.3372299900              0.0000000000  Type C  Rank 0
             -0.0015840414
C             -0.6425067200           -188.5629393100              0.0000000000  Type C  Rank 0
             -0.0015901761
C              0.6425067200           -190.9656271400              0.0000000000  Type C  Rank 0
             -0.0015966359
C             -0.6425067200           -193.1913364600              0.0000000000  Type C  Rank 0
             -0.0016025231
C              0.6425067200           -195.5940242900              0.0000000000  Type C  Rank 0
             -0.0016087301
C             -0.6425067200           -197.8197336100              0.0000000000  Type C  Rank 0
             -0.0016143939
C              0.6425067200           -200.2224214400              0.0000000000  Type C  Rank 0
             -0.0016203729
C             -0.6425067200           -202.4481307600              0.0000000000  Type C  Rank 0
             -0.0016258356
C              0.6425067200           -204.8508185900              0.0000000000  Type C  Rank 0
             -0.0016316095
C             -0.6425067200           -207.0765279100              0.0000000000  Type C  Rank 0
             -0.0016368914
C              0.6425067200           -209.4792157400              0.0000000000  Type C  Rank 0
             -0.0016424812
C             -0.6425067200           -211.7049250600              0.0000000000  Type C  Rank 0
             -0.0016476011
C              0.6425067200           -214.1076129000              0.0000000000  Type C  Rank 0
             -0.0016530263
C             -0.6425067200           -216.3333222200              0.0000000000  Type C  Rank 0
             -0.0016580016
C              0.6425067200           -218.7360100500              0.0000000000  Type C  Rank 0
             -0.0016632803
C             -0.6425067200           -220.9617193700              0.0000000000  Type C  Rank 0
             -0.0016681273
C              0.6425067200           -223.3644072000              0.0000000000  Type C  Rank 0
             -0.0016732765
C             -0.6425067200           -225.5901165200              0.0000000000  Type C  Rank 0
             -0.0016780106
C              0.6425067200           -227.9928043500              0.0000000000  Type C  Rank 0
             -0.0016830462
C             -0.6425067200           -230.2185136700              0.0000000000  Type C  Rank 0
             -0.0016876818
C              0.6425067200           -232.6212015000              0.0000000000  Type C  Rank 0
             -0.0016926191
C             -0.6425067200           -234.8469108200              0.0000000000  Type C  Rank 0
             -0.0016971701
C              0.6425067200           -237.2495986600              0.0000000000  Type C  Rank 0
             -0.0017020235
C             -0.6425067200           -239.4753079800              0.0000000000  Type C  Rank 0
             -0.0017065031
C              0.6425067200           -241.8779958100              0.0000000000  Type C  Rank 0
             -0.0017112868
C             -0.6425067200           -244.1037051300              0.0000000000  Type C  Rank 0
             -0.0017157078
C              0.6425067200           -246.5063929600              0.0000000000  Type C  Rank 0
             -0.0017204353
C             -0.6425067200           -248.7321022800              0.0000000000  Type C  Rank 0
             -0.0017248102
C              0.6425067200           -251.1347901100              0.0000000000  Type C  Rank 0
             -0.0017294950
C             -0.6425067200           -253.3604994300              0.0000000000  Type C  Rank 0
             -0.0017338363
C              0.6425067200           -255.7631872600              0.0000000000  Type C  Rank 0
             -0.0017384916
C             -0.6425067200           -257.9888965800              0.0000000000  Type C  Rank 0
             -0.0017428116
C              0.6425067200           -260.3915844100              0.0000000000  Type C  Rank 0
             -0.0017474507
C             -0.6425067200           -262.6172937300              0.0000000000  Type C  Rank 0
             -0.0017517618
C              0.6425067200           -265.0199815700              0.0000000000  Type C  Rank 0
             -0.0017563981
C             -0.6425067200           -267.2456908900              0.0000000000  Type C  Rank 0
             -0.0017607129
C              0.6425067200           -269.6483787200              0.0000000000  Type C  Rank 0
             -0.0017653602
C             -0.6425067200           -271.8740880400              0.0000000000  Type C  Rank 0
             -0.0017696918
C              0.6425067200           -274.2767758700              0.0000000000  Type C  Rank 0
             -0.0017743643
C             -0.6425067200           -276.5024851900              0.0000000000  Type C  Rank 0
             -0.0017787261
C              0.6425067200           -278.9051730200              0.0000000000  Type C  Rank 0
             -0.0017834389
C             -0.6425067200           -281.1308823400              0.0000000000  Type C  Rank 0
             -0.0017878451
C              0.6425067200           -283.5335701700              0.0000000000  Type C  Rank 0
             -0.0017926138
C             -0.6425067200           -285.7592794900              0.0000000000  Type C  Rank 0
             -0.0017970797
C              0.6425067200           -288.1619673300              0.0000000000  Type C  Rank 0
             -0.0018019213
C             -0.6425067200           -290.3876766500              0.0000000000  Type C  Rank 0
             -0.0018064632
C              0.6425067200           -292.7903644800              0.0000000000  Type C  Rank 0
             -0.0018113960
C             -0.6425067200           -295.0160738000              0.0000000000  Type C  Rank 0
             -0.0018160317
C              0.6425067200           -297.4187616300              0.0000000000  Type C  Rank 0
             -0.0018210758
C             -0.6425067200           -299.6444709500              0.0000000000  Type C  Rank 0
             -0.0018258249
C              0.6425067200           -302.0471587800              0.0000000000  Type C  Rank 0
             -0.0018310026
C             -0.6425067200           -304.2728681000              0.0000000000  Type C  Rank 0
             -0.0018358870
C              0.6425067200           -306.6755559300              0.0000000000  Type C  Rank 0
             -0.0018412234
C             -0.6425067200           -308.9012652500              0.0000000000  Type C  Rank 0
             -0.0018462679
C              0.6425067200           -311.3039530900              0.0000000000  Type C  Rank 0
             -0.0018517914
C             -0.6425067200           -313.5296624100              0.0000000000  Type C  Rank 0
             -0.0018570242
C              0.6425067200           -315.9323502400              0.0000000000  Type C  Rank 0
             -0.0018627675
C             -0.6425067200           -318.1580595600              0.0000000000  Type C  Rank 0
             -0.0018682213
C              0.6425067200           -320.5607473900              0.0000000000  Type C  Rank 0
             -0.0018742223
C             -0.6425067200           -322.7864567100              0.0000000000  Type C  Rank 0
             -0.0018799353
C              0.6425067200           -325.1891445400              0.0000000000  Type C  Rank 0
             -0.0018862389
C             -0.6425067200           -327.4148538600              0.0000000000  Type C  Rank 0
             -0.0018922564
C              0.6425067200           -329.8175416900              0.0000000000  Type C  Rank 0
             -0.0018989161
C             -0.6425067200           -332.0432510100              0.0000000000  Type C  Rank 0
             -0.0019052926
C              0.6425067200           -334.4459388400              0.0000000000  Type C  Rank 0
             -0.0019123732
C             -0.6425067200           -336.6716481600              0.0000000000  Type C  Rank 0
             -0.0019191752
C              0.6425067200           -339.0743360000              0.0000000000  Type C  Rank 0
             -0.0019267565
C             -0.6425067200           -341.3000453200              0.0000000000  Type C  Rank 0
             -0.0019340665
C              0.6425067200           -343.7027331500              0.0000000000  Type C  Rank 0
             -0.0019422484
C             -0.6425067200           -345.9284424700              0.0000000000  Type C  Rank 0
             -0.0019501706
C              0.6425067200           -348.3311303000              0.0000000000  Type C  Rank 0
             -0.0019590806
C             -0.6425067200           -350.5568396200              0.0000000000  Type C  Rank 0
             -0.0019677492
C              0.6425067200           -352.9595274500              0.0000000000  Type C  Rank 0
             -0.0019775538
C             -0.6425067200           -355.1852367700              0.0000000000  Type C  Rank 0
             -0.0019871462
C              0.6425067200           -357.5879246000              0.0000000000  Type C  Rank 0
             -0.0019980681
C             -0.6425067200           -359.8136339200              0.0000000000  Type C  Rank 0
             -0.0020088251
C              0.6425067200           -362.2163217600              0.0000000000  Type C  Rank 0
             -0.0020211721
C             -0.6425067200           -364.4420310800              0.0000000000  Type C  Rank 0
             -0.0020334316
C              0.6425067200           -366.8447189100              0.0000000000  Type C  Rank 0
             -0.0020476447
C             -0.6425067200           -369.0704282300              0.0000000000  Type C  Rank 0
             -0.0020619011
C              0.6425067200           -371.4731160600              0.0000000000  Type C  Rank 0
             -0.0020786431
C             -0.6425067200           -373.6988253800              0.0000000000  Type C  Rank 0
             -0.0020956588
C              0.6425067200           -376.1015132100              0.0000000000  Type C  Rank 0
             -0.0021159888
C             -0.6425067200           -378.3272225300              0.0000000000  Type C  Rank 0
             -0.0021370258
C              0.6425067200           -380.7299103600              0.0000000000  Type C  Rank 0
             -0.0021627860
C             -0.6425067200           -382.9556196800              0.0000000000  Type C  Rank 0
             -0.0021901547
C              0.6425067200           -385.3583075100              0.0000000000  Type C  Rank 0
             -0.0022249722
C             -0.6425067200           -387.5840168300              0.0000000000  Type C  Rank 0
             -0.0022635834
C              0.6425067200           -389.9867046700              0.0000000000  Type C  Rank 0
             -0.0023160446
C             -0.6425067200           -392.2124139900              0.0000000000  Type C  Rank 0
             -0.0023788423
C              0.6425067200           -394.6151018200              0.0000000000  Type C  Rank 0
             -0.0024750069
C             -0.6425067200           -396.8408111400              0.0000000000  Type C  Rank 0
             -0.0026060762
C              0.6425067200           -399.2434989700              0.0000000000  Type C  Rank 0
             -0.0028488425
C             -0.6425067200           -401.4692082900              0.0000000000  Type C  Rank 0
             -0.0032248434
