C             -0.6425067200            399.2434989800              0.0000000000  Type C  Rank 0
              0.0015190694
C              0.6425067200            401.4692083000              0.0000000000  Type C  Rank 0
              0.0017169624
C              0.6425067200            396.8408111500              0.0000000000  Type C  Rank 0
              0.0013920190
C             -0.6425067200            394.6151018300              0.0000000000  Type C  Rank 0
              0.0013241434
C              0.6425067200            392.2124139900              0.0000000000  Type C  Rank 0
              0.0012749189
C             -0.6425067200            389.9867046700              0.0000000000  Type C  Rank 0
              0.0012432802
C              0.6425067200            387.5840168400              0.0000000000  Type C  Rank 0
              0.0012172568
C             -0.6425067200            385.3583075200              0.0000000000  Type C  Rank 0
              0.0011984625
C              0.6425067200            382.9556196900              0.0000000000  Type C  Rank 0
              0.0011818166
C             -0.6425067200            380.7299103700              0.0000000000  Type C  Rank 0
              0.0011690052
C              0.6425067200            378.3272225400              0.0000000000  Type C  Rank 0
              0.0011571876
C             -0.6425067200            376.1015132200              0.0000000000  Type C  Rank 0
              0.0011477597
C              0.6425067200            373.6988253900              0.0000000000  Type C  Rank 0
              0.0011388522
C             -0.6425067200            371.4731160700              0.0000000000  Type C  Rank 0
              0.0011315872
C              0.6425067200            369.0704282400              0.0000000000  Type C  Rank 0
              0.0011246174
C             -0.6425067200            366.8447189200              0.0000000000  Type C  Rank 0
              0.0011188502
C              0.6425067200            364.4420310800              0.0000000000  Type C  Rank 0
              0.0011132608
C             -0.6425067200            362.2163217600              0.0000000000  Type C  Rank 0
              0.0011085909
C              0.6425067200            359.8136339300              0.0000000000  Type C  Rank 0
              0.0011040343
C             -0.6425067200            357.5879246100              0.0000000000  Type C  Rank 0
              0.0011002030
C              0.6425067200            355.1852367800              0.0000000000  Type C  Rank 0
              0.0010964490
C             -0.6425067200            352.9595274600              0.0000000000  Type C  Rank 0
              0.0010932805
C              0.6425067200            350.5568396300              0.0000000000  Type C  Rank 0
              0.0010901695
C             -0.6425067200            348.3311303100              0.0000000000  Type C  Rank 0
              0.0010875394
C              0.6425067200            345.9284424800              0.0000000000  Type C  Rank 0
              0.0010849567
C             -0.6425067200            343.7027331600              0.0000000000  Type C  Rank 0
              0.0010827743
C              0.6425067200            341.3000453200              0.0000000000  Type C  Rank 0
              0.0010806351
C             -0.6425067200            339.0743360000              0.0000000000  Type C  Rank 0
              0.0010788324
C              0.6425067200            336.6716481700              0.0000000000  Type C  Rank 0
              0.0010770728
C             -0.6425067200            334.4459388500              0.0000000000  Type C  Rank 0
              0.0010755980
C              0.6425067200            332.0432510200              0.0000000000  Type C  Rank 0
              0.0010741685
C             -0.6425067200            329.8175417000              0.0000000000  Type C  Rank 0
              0.0010729813
C              0.6425067200            327.4148538700              0.0000000000  Type C  Rank 0
              0.0010718435
C             -0.6425067200            325.1891445500              0.0000000000  Type C  Rank 0
              0.0010709122
C              0.6425067200            322.7864567200              0.0000000000  Type C  Rank 0
              0.0010700357
C             -0.6425067200            320.5607474000              0.0000000000  Type C  Rank 0
              0.0010693350
C              0.6425067200            318.1580595700              0.0000000000  Type C  Rank 0
              0.0010686955
C             -0.6425067200            315.9323502500              0.0000000000  Type C  Rank 0
              0.0010682054
C              0.6425067200            313.5296624100              0.0000000000  Type C  Rank 0
              0.0010677833
C             -0.6425067200            311.3039530900              0.0000000000  Type C  Rank 0
              0.0010674877
C              0.6425067200            308.9012652600              0.0000000000  Type C  Rank 0
              0.0010672675
C             -0.6425067200            306.6755559400              0.0000000000  Type C  Rank 0
              0.0010671533
C              0.6425067200            304.2728681100              0.0000000000  Type C  Rank 0
              0.0010671225
C             -0.6425067200            302.0471587900              0.0000000000  Type C  Rank 0
              0.0010671793
C              0.6425067200            299.6444709600              0.0000000000  Type C  Rank 0
              0.0010673278
C             -0.6425067200            297.4187616400              0.0000000000  Type C  Rank 0
              0.0010675473
C              0.6425067200            295.0160738100              0.0000000000  Type C  Rank 0
              0.0010678673
C             -0.6425067200            292.7903644900              0.0000000000  Type C  Rank 0
              0.0010682431
C              0.6425067200            290.3876766500              0.0000000000  Type C  Rank 0
              0.0010687284
C             -0.6425067200            288.1619673300              0.0000000000  Type C  Rank 0
              0.0010692556
C              0.6425067200            285.7592795000              0.0000000000  Type C  Rank 0
              0.0010699017
C             -0.6425067200            283.5335701800              0.0000000000  Type C  Rank 0
              0.0010705767
C              0.6425067200            281.1308823500              0.0000000000  Type C  Rank 0
              0.0010713804
C             -0.6425067200            278.9051730300              0.0000000000  Type C  Rank 0
              0.0010722008
C              0.6425067200            276.5024852000              0.0000000000  Type C  Rank 0
              0.0010731600
C             -0.6425067200            274.2767758800              0.0000000000  Type C  Rank 0
              0.0010741245
C              0.6425067200            271.8740880500              0.0000000000  Type C  Rank 0
              0.0010752384
C             -0.6425067200            269.6483787300              0.0000000000  Type C  Rank 0
              0.0010763466
C              0.6425067200            267.2456908900              0.0000000000  Type C  Rank 0
              0.0010776153
C             -0.6425067200            265.0199815700              0.0000000000  Type C  Rank 0
              0.0010788679
C              0.6425067200            262.6172937400              0.0000000000  Type C  Rank 0
              0.0010802924
C             -0.6425067200            260.3915844200              0.0000000000  Type C  Rank 0
              0.0010816907
C              0.6425067200            257.9888965900              0.0000000000  Type C  Rank 0
              0.0010832731
C             -0.6425067200            255.7631872700              0.0000000000  Type C  Rank 0
              0.0010848194
C              0.6425067200            253.3604994400              0.0000000000  Type C  Rank 0
              0.0010865626
C             -0.6425067200            251.1347901200              0.0000000000  Type C  Rank 0
              0.0010882601
C              0.6425067200            248.7321022900              0.0000000000  Type C  Rank 0
              0.0010901678
C             -0.6425067200            246.5063929700              0.0000000000  Type C  Rank 0
              0.0010920204
C              0.6425067200            244.1037051400              0.0000000000  Type C  Rank 0
              0.0010940973
C             -0.6425067200            241.8779958200              0.0000000000  Type C  Rank 0
              0.0010961098
C              0.6425067200            239.4753079800              0.0000000000  Type C  Rank 0
              0.0010983616
C             -0.6425067200            237.2495986600              0.0000000000  Type C  Rank 0
              0.0011005397
C              0.6425067200            234.8469108300              0.0000000000  Type C  Rank 0
              0.0011029730
C             -0.6425067200            232.6212015100              0.0000000000  Type C  Rank 0
              0.0011053233
C              0.6425067200            230.2185136800              0.0000000000  Type C  Rank 0
              0.0011079456
C             -0.6425067200            227.9928043600              0.0000000000  Type C  Rank 0
              0.0011104756
C              0.6425067200            225.5901165300              0.0000000000  Type C  Rank 0
              0.0011132957
C             -0.6425067200            223.3644072100              0.0000000000  Type C  Rank 0
              0.0011160140
C              0.6425067200            220.9617193800              0.0000000000  Type C  Rank 0
              0.0011190416
C             -0.6425067200            218.7360100600              0.0000000000  Type C  Rank 0
              0.0011219580
C              0.6425067200            216.3333222200              0.0000000000  Type C  Rank 0
              0.0011252043
C             -0.6425067200            214.1076129000              0.0000000000  Type C  Rank 0
              0.0011283297
C              0.6425067200            211.7049250700              0.0000000000  Type C  Rank 0
              0.0011318072
C             -0.6425067200            209.4792157500              0.0000000000  Type C  Rank 0
              0.0011351538
C              0.6425067200            207.0765279200              0.0000000000  Type C  Rank 0
              0.0011388764
C             -0.6425067200            204.8508186000              0.0000000000  Type C  Rank 0
              0.0011424580
C              0.6425067200            202.4481307700              0.0000000000  Type C  Rank 0
              0.0011464413
C             -0.6425067200            200.2224214500              0.0000000000  Type C  Rank 0
              0.0011502733
C              0.6425067200            197.8197336200              0.0000000000  Type C  Rank 0
              0.0011545348
C             -0.6425067200            195.5940243000              0.0000000000  Type C  Rank 0
              0.0011586345
C              0.6425067200            193.1913364700              0.0000000000  Type C  Rank 0
              0.0011631938
C             -0.6425067200            190.9656271500              0.0000000000  Type C  Rank 0
              0.0011675802
C              0.6425067200            188.5629393100              0.0000000000  Type C  Rank 0
              0.0011724592
C             -0.6425067200            186.3372299900              0.0000000000  Type C  Rank 0
              0.0011771540
C              0.6425067200            183.9345421600              0.0000000000  Type C  Rank 0
              0.0011823772
C             -0.6425067200            181.7088328400              0.0000000000  Type C  Rank 0
              0.0011874046
C              0.6425067200            179.3061450100              0.0000000000  Type C  Rank 0
              0.0011929995
C             -0.6425067200            177.0804356900              0.0000000000  Type C  Rank 0
              0.0011983865
C              0.6425067200            174.6777478600              0.0000000000  Type C  Rank 0
              0.0012043840
C             -0.6425067200            172.4520385400              0.0000000000  Type C  Rank 0
              0.0012101612
C              0.6425067200            170.0493507100              0.0000000000  Type C  Rank 0
              0.0012165961
C             -0.6425067200            167.8236413900              0.0000000000  Type C  Rank 0
              0.0012227978
C              0.6425067200            165.4209535500              0.0000000000  Type C  Rank 0
              0.0012297095
C             -0.6425067200            163.1952442300              0.0000000000  Type C  Rank 0
              0.0012363745
C              0.6425067200            160.7925564000              0.0000000000  Type C  Rank 0
              0.0012438074
C             -0.6425067200            158.5668470800              0.0000000000  Type C  Rank 0
              0.0012509799
C              0.6425067200            156.1641592500              0.0000000000  Type C  Rank 0
              0.0012589843
C             -0.6425067200            153.9384499300              0.0000000000  Type C  Rank 0
              0.0012667143
C              0.6425067200            151.5357621000              0.0000000000  Type C  Rank 0
              0.0012753478
C             -0.6425067200            149.3100527800              0.0000000000  Type C  Rank 0
              0.0012836923
C              0.6425067200            146.9073649500              0.0000000000  Type C  Rank 0
              0.0012930206
C             -0.6425067200            144.6816556300              0.0000000000  Type C  Rank 0
              0.0013020450
C              0.6425067200            142.2789678000              0.0000000000  Type C  Rank 0
              0.0013121432
C             -0.6425067200            140.0532584800              0.0000000000  Type C  Rank 0
              0.0013219226
C              0.6425067200            137.6505706400              0.0000000000  Type C  Rank 0
              0.0013328776
C             -0.6425067200            135.4248613200              0.0000000000  Type C  Rank 0
              0.0013434987
C              0.6425067200            133.0221734900              0.0000000000  Type C  Rank 0
              0.0013554106
C             -0.6425067200            130.7964641700              0.0000000000  Type C  Rank 0
              0.0013669738
C              0.6425067200            128.3937763400              0.0000000000  Type C  Rank 0
              0.0013799594
C             -0.6425067200            126.1680670200              0.0000000000  Type C  Rank 0
              0.0013925819
C              0.6425067200            123.7653791900              0.0000000000  Type C  Rank 0
              0.0014067772
C             -0.6425067200            121.5396698700              0.0000000000  Type C  Rank 0
              0.0014205963
C              0.6425067200            119.1369820400              0.0000000000  Type C  Rank 0
              0.0014361615
C             -0.6425067200            116.9112727200              0.0000000000  Type C  Rank 0
              0.0014513387
C              0.6425067200            114.5085848800              0.0000000000  Type C  Rank 0
              0.0014684630
C             -0.6425067200            112.2828755600              0.0000000000  Type C  Rank 0
              0.0014851903
C              0.6425067200            109.8801877300              0.0000000000  Type C  Rank 0
              0.0015040987
C             -0.6425067200            107.6544784100              0.0000000000  Type C  Rank 0
              0.0015226049
C              0.6425067200            105.2517905800              0.0000000000  Type C  Rank 0
              0.0015435673
C             -0.6425067200            103.0260812600              0.0000000000  Type C  Rank 0
              0.0015641280
C              0.6425067200            100.6233934300              0.0000000000  Type C  Rank 0
              0.0015874702
C             -0.6425067200             98.3976841100              0.0000000000  Type C  Rank 0
              0.0016104194
C              0.6425067200             95.9949962800              0.0000000000  Type C  Rank 0
              0.0016365383
C             -0.6425067200             93.7692869600              0.0000000000  Type C  Rank 0
              0.0016622847
C              0.6425067200             91.3665991300              0.0000000000  Type C  Rank 0
              0.0016916683
C             -0.6425067200             89.1408898100              0.0000000000  Type C  Rank 0
              0.0017207170
C              0.6425067200             86.7382019700              0.0000000000  Type C  Rank 0
              0.0017539711
C             -0.6425067200             84.5124926500              0.0000000000  Type C  Rank 0
              0.0017869527
C              0.6425067200             82.1098048200              0.0000000000  Type C  Rank 0
              0.0018248386
C             -0.6425067200             79.8840955000              0.0000000000  Type C  Rank 0
              0.0018625500
C              0.6425067200             77.4814076700              0.0000000000  Type C  Rank 0
              0.0019060359
C             -0.6425067200             75.2556983500              0.0000000000  Type C  Rank 0
              0.0019494976
C              0.6425067200             72.8530105200              0.0000000000  Type C  Rank 0
              0.0019998320
C             -0.6425067200             70.6273012000              0.0000000000  Type C  Rank 0
              0.0020503704
C              0.6425067200             68.2246133700              0.0000000000  Type C  Rank 0
              0.0021091893
C             -0.6425067200             65.9989040500              0.0000000000  Type C  Rank 0
              0.0021685568
C              0.6425067200             63.5962162100              0.0000000000  Type C  Rank 0
              0.0022380417
C             -0.6425067200             61.3705068900              0.0000000000  Type C  Rank 0
              0.0023085984
C              0.6425067200             58.9678190600              0.0000000000  Type C  Rank 0
              0.0023917181
C             -0.6425067200             56.7421097400              0.0000000000  Type C  Rank 0
              0.0024767114
C              0.6425067200             54.3394219100              0.0000000000  Type C  Rank 0
              0.0025776006
C             -0.6425067200             52.1137125900              0.0000000000  Type C  Rank 0
              0.0026816122
C              0.6425067200             49.7110247600              0.0000000000  Type C  Rank 0
              0.0028061871
C             -0.6425067200             47.4853154400              0.0000000000  Type C  Rank 0
              0.0029358729
C              0.6425067200             45.0826276100              0.0000000000  Type C  Rank 0
              0.0030928711
C             -0.6425067200             42.8569182900              0.0000000000  Type C  Rank 0
              0.0032582398
C              0.6425067200             40.4542304500              0.0000000000  Type C  Rank 0
              0.0034610650
C             -0.6425067200             38.2285211300              0.0000000000  Type C  Rank 0
              0.0036778067
C              0.6425067200             35.8258333000              0.0000000000  Type C  Rank 0
              0.0039479866
C             -0.6425067200             33.6001239800              0.0000000000  Type C  Rank 0
              0.0042419865
C              0.6425067200             31.1974361500              0.0000000000  Type C  Rank 0
              0.0046161338
C             -0.6425067200             28.9717268300              0.0000000000  Type C  Rank 0
              0.0050329410
C              0.6425067200             26.5690390000              0.0000000000  Type C  Rank 0
              0.0055780650
C             -0.6425067200             24.3433296800              0.0000000000  Type C  Rank 0
              0.0062048704
C              0.6425067200             21.9406418500              0.0000000000  Type C  Rank 0
              0.0070561987
C             -0.6425067200             19.7149325300              0.0000000000  Type C  Rank 0
              0.0080800129
C              0.6425067200             17.3122447000              0.0000000000  Type C  Rank 0
              0.0095491913
C             -0.6425067200             15.0865353800              0.0000000000  Type C  Rank 0
              0.0114372543
C              0.6425067200             12.6838475400              0.0000000000  Type C  Rank 0
              0.0143752975
C             -0.6425067200             10.4581382200              0.0000000000  Type C  Rank 0
              0.0185169887
C              0.6425067200              8.0554503900              0.0000000000  Type C  Rank 0
              0.0256109118
C             -0.6425067200              5.8297410700              0.0000000000  Type C  Rank 0
              0.0362812405
C              0.6425067200              3.4270532400              0.0000000000  Type C  Rank 0
              0.0534262510
C             -0.6425067200              1.2013439200              0.0000000000  Type C  Rank 0
              0.0694403168
C              0.6425067200             -1.2013439100              0.0000000000  Type C  Rank 0
              0.0694403168
C             -0.6425067200             -3.4270532300              0.0000000000  Type C  Rank 0
              0.0534262510
C              0.6425067200             -5.8297410600              0.0000000000  Type C  Rank 0
              0.0362812406
C             -0.6425067200             -8.0554503800              0.0000000000  Type C  Rank 0
              0.0256109118
C              0.6425067200            -10.4581382200              0.0000000000  Type C  Rank 0
              0.0185169887
C             -0.6425067200            -12.6838475400              0.0000000000  Type C  Rank 0
              0.0143752975
C              0.6425067200            -15.0865353700              0.0000000000  Type C  Rank 0
              0.0114372543
C             -0.6425067200            -17.3122446900              0.0000000000  Type C  Rank 0
              0.0095491913
C              0.6425067200            -19.7149325200              0.0000000000  Type C  Rank 0
              0.0080800129
C             -0.6425067200            -21.9406418400              0.0000000000  Type C  Rank 0
              0.0070561987
C              0.6425067200            -24.3433296700              0.0000000000  Type C  Rank 0
              0.0062048704
C             -0.6425067200            -26.5690389900              0.0000000000  Type C  Rank 0
              0.0055780650
C              0.6425067200            -28.9717268200              0.0000000000  Type C  Rank 0
              0.0050329410
C             -0.6425067200            -31.1974361400              0.0000000000  Type C  Rank 0
              0.0046161338
C              0.6425067200            -33.6001239700              0.0000000000  Type C  Rank 0
              0.0042419865
C             -0.6425067200            -35.8258332900              0.0000000000  Type C  Rank 0
              0.0039479866
C              0.6425067200            -38.2285211300              0.0000000000  Type C  Rank 0
              0.0036778067
C             -0.6425067200            -40.4542304500              0.0000000000  Type C  Rank 0
              0.0034610650
C              0.6425067200            -42.8569182800              0.0000000000  Type C  Rank 0
              0.0032582398
C             -0.6425067200            -45.0826276000              0.0000000000  Type C  Rank 0
              0.0030928711
C              0.6425067200            -47.4853154300              0.0000000000  Type C  Rank 0
              0.0029358729
C             -0.6425067200            -49.7110247500              0.0000000000  Type C  Rank 0
              0.0028061871
C              0.6425067200            -52.1137125800              0.0000000000  Type C  Rank 0
              0.0026816122
C             -0.6425067200            -54.3394219000              0.0000000000  Type C  Rank 0
              0.0025776006
C              0.6425067200            -56.7421097300              0.0000000000  Type C  Rank 0
              0.0024767114
C             -0.6425067200            -58.9678190500              0.0000000000  Type C  Rank 0
              0.0023917181
C              0.6425067200            -61.3705068900              0.0000000000  Type C  Rank 0
              0.0023085984
C             -0.6425067200            -63.5962162100              0.0000000000  Type C  Rank 0
              0.0022380417
C              0.6425067200            -65.9989040400              0.0000000000  Type C  Rank 0
              0.0021685568
C             -0.6425067200            -68.2246133600              0.0000000000  Type C  Rank 0
              0.0021091893
C              0.6425067200            -70.6273011900              0.0000000000  Type C  Rank 0
              0.0020503704
C             -0.6425067200            -72.8530105100              0.0000000000  Type C  Rank 0
              0.0019998320
C              0.6425067200            -75.2556983400              0.0000000000  Type C  Rank 0
              0.0019494976
C             -0.6425067200            -77.4814076600              0.0000000000  Type C  Rank 0
              0.0019060359
C              0.6425067200            -79.8840954900              0.0000000000  Type C  Rank 0
              0.0018625500
C             -0.6425067200            -82.1098048100              0.0000000000  Type C  Rank 0
              0.0018248386
C              0.6425067200            -84.5124926400              0.0000000000  Type C  Rank 0
              0.0017869527
C             -0.6425067200            -86.7382019600              0.0000000000  Type C  Rank 0
              0.0017539711
C              0.6425067200            -89.1408898000              0.0000000000  Type C  Rank 0
              0.0017207170
C             -0.6425067200            -91.3665991200              0.0000000000  Type C  Rank 0
              0.0016916683
C              0.6425067200            -93.7692869500              0.0000000000  Type C  Rank 0
              0.0016622847
C             -0.6425067200            -95.9949962700              0.0000000000  Type C  Rank 0
              0.0016365383
C              0.6425067200            -98.3976841000              0.0000000000  Type C  Rank 0
              0.0016104194
C             -0.6425067200           -100.6233934200              0.0000000000  Type C  Rank 0
              0.0015874702
C              0.6425067200           -103.0260812500              0.0000000000  Type C  Rank 0
              0.0015641280
C             -0.6425067200           -105.2517905700              0.0000000000  Type C  Rank 0
              0.0015435673
C              0.6425067200           -107.6544784000              0.0000000000  Type C  Rank 0
              0.0015226049
C             -0.6425067200           -109.8801877200              0.0000000000  Type C  Rank 0
              0.0015040987
C              0.6425067200           -112.2828755600              0.0000000000  Type C  Rank 0
              0.0014851903
C             -0.6425067200           -114.5085848800              0.0000000000  Type C  Rank 0
              0.0014684630
C              0.6425067200           -116.9112727100              0.0000000000  Type C  Rank 0
              0.0014513387
C             -0.6425067200           -119.1369820300              0.0000000000  Type C  Rank 0
              0.0014361615
C              0.6425067200           -121.5396698600              0.0000000000  Type C  Rank 0
              0.0014205963
C             -0.6425067200           -123.7653791800              0.0000000000  Type C  Rank 0
              0.0014067772
C              0.6425067200           -126.1680670100              0.0000000000  Type C  Rank 0
              0.0013925819
C             -0.6425067200           -128.3937763300              0.0000000000  Type C  Rank 0
              0.0013799594
C              0.6425067200           -130.7964641600              0.0000000000  Type C  Rank 0
              0.0013669738
C             -0.6425067200           -133.0221734800              0.0000000000  Type C  Rank 0
              0.0013554106
C              0.6425067200           -135.4248613200              0.0000000000  Type C  Rank 0
              0.0013434987
C             -0.6425067200           -137.6505706400              0.0000000000  Type C  Rank 0
              0.0013328776
C              0.6425067200           -140.0532584700              0.0000000000  Type C  Rank 0
              0.0013219226
C             -0.6425067200           -142.2789677900              0.0000000000  Type C  Rank 0
              0.0013121432
C              0.6425067200           -144.6816556200              0.0000000000  Type C  Rank 0
              0.0013020450
C             -0.6425067200           -146.9073649400              0.0000000000  Type C  Rank 0
              0.0012930206
C              0.6425067200           -149.3100527700              0.0000000000  Type C  Rank 0
              0.0012836923
C             -0.6425067200           -151.5357620900              0.0000000000  Type C  Rank 0
              0.0012753478
C              0.6425067200           -153.9384499200              0.0000000000  Type C  Rank 0
              0.0012667143
C             -0.6425067200           -156.1641592400              0.0000000000  Type C  Rank 0
              0.0012589843
C              0.6425067200           -158.5668470700              0.0000000000  Type C  Rank 0
              0.0012509799
C             -0.6425067200           -160.7925563900              0.0000000000  Type C  Rank 0
              0.0012438074
C              0.6425067200           -163.1952442300              0.0000000000  Type C  Rank 0
              0.0012363745
C             -0.6425067200           -165.4209535500              0.0000000000  Type C  Rank 0
              0.0012297095
C              0.6425067200           -167.8236413800              0.0000000000  Type C  Rank 0
              0.0012227978
C             -0.6425067200           -170.0493507000              0.0000000000  Type C  Rank 0
              0.0012165961
C              0.6425067200           -172.4520385300              0.0000000000  Type C  Rank 0
              0.0012101612
C             -0.6425067200           -174.6777478500              0.0000000000  Type C  Rank 0
              0.0012043840
C              0.6425067200           -177.0804356800              0.0000000000  Type C  Rank 0
              0.0011983865
C             -0.6425067200           -179.3061450000              0.0000000000  Type C  Rank 0
              0.0011929995
C              0.6425067200           -181.7088328300              0.0000000000  Type C  Rank 0
              0.0011874046
C             -0.6425067200           -183.9345421500              0.0000000000  Type C  Rank 0
              0.0011823772
C              0.6425067200           -186.3372299900              0.0000000000  Type C  Rank 0
              0.0011771540
C             -0.6425067200           -188.5629393100              0.0000000000  Type C  Rank 0
              0.0011724592
C              0.6425067200           -190.9656271400              0.0000000000  Type C  Rank 0
              0.0011675802
C             -0.6425067200           -193.1913364600              0.0000000000  Type C  Rank 0
              0.0011631938
C              0.6425067200           -195.5940242900              0.0000000000  Type C  Rank 0
              0.0011586345
C             -0.6425067200           -197.8197336100              0.0000000000  Type C  Rank 0
              0.0011545348
C              0.6425067200           -200.2224214400              0.0000000000  Type C  Rank 0
              0.0011502733
C             -0.6425067200           -202.4481307600              0.0000000000  Type C  Rank 0
              0.0011464413
C              0.6425067200           -204.8508185900              0.0000000000  Type C  Rank 0
              0.0011424580
C             -0.6425067200           -207.0765279100              0.0000000000  Type C  Rank 0
              0.0011388764
C              0.6425067200           -209.4792157400              0.0000000000  Type C  Rank 0
              0.0011351538
C             -0.6425067200           -211.7049250600              0.0000000000  Type C  Rank 0
              0.0011318072
C              0.6425067200           -214.1076129000              0.0000000000  Type C  Rank 0
              0.0011283297
C             -0.6425067200           -216.3333222200              0.0000000000  Type C  Rank 0
              0.0011252043
C              0.6425067200           -218.7360100500              0.0000000000  Type C  Rank 0
              0.0011219580
C             -0.6425067200           -220.9617193700              0.0000000000  Type C  Rank 0
              0.0011190416
C              0.6425067200           -223.3644072000              0.0000000000  Type C  Rank 0
              0.0011160140
C             -0.6425067200           -225.5901165200              0.0000000000  Type C  Rank 0
              0.0011132957
C              0.6425067200           -227.9928043500              0.0000000000  Type C  Rank 0
              0.0011104756
C             -0.6425067200           -230.2185136700              0.0000000000  Type C  Rank 0
              0.0011079456
C              0.6425067200           -232.6212015000              0.0000000000  Type C  Rank 0
              0.0011053233
C             -0.6425067200           -234.8469108200              0.0000000000  Type C  Rank 0
              0.0011029730
C              0.6425067200           -237.2495986600              0.0000000000  Type C  Rank 0
              0.0011005397
C             -0.6425067200           -239.4753079800              0.0000000000  Type C  Rank 0
              0.0010983616
C              0.6425067200           -241.8779958100              0.0000000000  Type C  Rank 0
              0.0010961098
C             -0.6425067200           -244.1037051300              0.0000000000  Type C  Rank 0
              0.0010940973
C              0.6425067200           -246.5063929600              0.0000000000  Type C  Rank 0
              0.0010920204
C             -0.6425067200           -248.7321022800              0.0000000000  Type C  Rank 0
              0.0010901678
C              0.6425067200           -251.1347901100              0.0000000000  Type C  Rank 0
              0.0010882601
C             -0.6425067200           -253.3604994300              0.0000000000  Type C  Rank 0
              0.0010865626
C              0.6425067200           -255.7631872600              0.0000000000  Type C  Rank 0
              0.0010848194
C             -0.6425067200           -257.9888965800              0.0000000000  Type C  Rank 0
              0.0010832731
C              0.6425067200           -260.3915844100              0.0000000000  Type C  Rank 0
              0.0010816907
C             -0.6425067200           -262.6172937300              0.0000000000  Type C  Rank 0
              0.0010802924
C              0.6425067200           -265.0199815700              0.0000000000  Type C  Rank 0
              0.0010788679
C             -0.6425067200           -267.2456908900              0.0000000000  Type C  Rank 0
              0.0010776153
C              0.6425067200           -269.6483787200              0.0000000000  Type C  Rank 0
              0.0010763466
C             -0.6425067200           -271.8740880400              0.0000000000  Type C  Rank 0
              0.0010752384
C              0.6425067200           -274.2767758700              0.0000000000  Type C  Rank 0
              0.0010741245
C             -0.6425067200           -276.5024851900              0.0000000000  Type C  Rank 0
              0.0010731600
C              0.6425067200           -278.9051730200              0.0000000000  Type C  Rank 0
              0.0010722008
C             -0.6425067200           -281.1308823400              0.0000000000  Type C  Rank 0
              0.0010713804
C              0.6425067200           -283.5335701700              0.0000000000  Type C  Rank 0
              0.0010705767
C             -0.6425067200           -285.7592794900              0.0000000000  Type C  Rank 0
              0.0010699017
C              0.6425067200           -288.1619673300              0.0000000000  Type C  Rank 0
              0.0010692556
C             -0.6425067200           -290.3876766500              0.0000000000  Type C  Rank 0
              0.0010687284
C              0.6425067200           -292.7903644800              0.0000000000  Type C  Rank 0
              0.0010682431
C             -0.6425067200           -295.0160738000              0.0000000000  Type C  Rank 0
              0.0010678673
C              0.6425067200           -297.4187616300              0.0000000000  Type C  Rank 0
              0.0010675473
C             -0.6425067200           -299.6444709500              0.0000000000  Type C  Rank 0
              0.0010673278
C              0.6425067200           -302.0471587800              0.0000000000  Type C  Rank 0
              0.0010671793
C             -0.6425067200           -304.2728681000              0.0000000000  Type C  Rank 0
              0.0010671225
C              0.6425067200           -306.6755559300              0.0000000000  Type C  Rank 0
              0.0010671533
C             -0.6425067200           -308.9012652500              0.0000000000  Type C  Rank 0
              0.0010672675
C              0.6425067200           -311.3039530900              0.0000000000  Type C  Rank 0
              0.0010674877
C             -0.6425067200           -313.5296624100              0.0000000000  Type C  Rank 0
              0.0010677833
C              0.6425067200           -315.9323502400              0.0000000000  Type C  Rank 0
              0.0010682054
C             -0.6425067200           -318.1580595600              0.0000000000  Type C  Rank 0
              0.0010686955
C              0.6425067200           -320.5607473900              0.0000000000  Type C  Rank 0
              0.0010693350
C             -0.6425067200           -322.7864567100              0.0000000000  Type C  Rank 0
              0.0010700357
C              0.6425067200           -325.1891445400              0.0000000000  Type C  Rank 0
              0.0010709122
C             -0.6425067200           -327.4148538600              0.0000000000  Type C  Rank 0
              0.0010718435
C              0.6425067200           -329.8175416900              0.0000000000  Type C  Rank 0
              0.0010729813
C             -0.6425067200           -332.0432510100              0.0000000000  Type C  Rank 0
              0.0010741685
C              0.6425067200           -334.4459388400              0.0000000000  Type C  Rank 0
              0.0010755980
C             -0.6425067200           -336.6716481600              0.0000000000  Type C  Rank 0
              0.0010770728
C              0.6425067200           -339.0743360000              0.0000000000  Type C  Rank 0
              0.0010788324
C             -0.6425067200           -341.3000453200              0.0000000000  Type C  Rank 0
              0.0010806351
C              0.6425067200           -343.7027331500              0.0000000000  Type C  Rank 0
              0.0010827743
C             -0.6425067200           -345.9284424700              0.0000000000  Type C  Rank 0
              0.0010849567
C              0.6425067200           -348.3311303000              0.0000000000  Type C  Rank 0
              0.0010875394
C             -0.6425067200           -350.5568396200              0.0000000000  Type C  Rank 0
              0.0010901695
C              0.6425067200           -352.9595274500              0.0000000000  Type C  Rank 0
              0.0010932805
C             -0.6425067200           -355.1852367700              0.0000000000  Type C  Rank 0
              0.0010964490
C              0.6425067200           -357.5879246000              0.0000000000  Type C  Rank 0
              0.0011002030
C             -0.6425067200           -359.8136339200              0.0000000000  Type C  Rank 0
              0.0011040343
C              0.6425067200           -362.2163217600              0.0000000000  Type C  Rank 0
              0.0011085909
C             -0.6425067200           -364.4420310800              0.0000000000  Type C  Rank 0
              0.0011132608
C              0.6425067200           -366.8447189100              0.0000000000  Type C  Rank 0
              0.0011188502
C             -0.6425067200           -369.0704282300              0.0000000000  Type C  Rank 0
              0.0011246174
C              0.6425067200           -371.4731160600              0.0000000000  Type C  Rank 0
              0.0011315872
C             -0.6425067200           -373.6988253800              0.0000000000  Type C  Rank 0
              0.0011388522
C              0.6425067200           -376.1015132100              0.0000000000  Type C  Rank 0
              0.0011477597
C             -0.6425067200           -378.3272225300              0.0000000000  Type C  Rank 0
              0.0011571876
C              0.6425067200           -380.7299103600              0.0000000000  Type C  Rank 0
              0.0011690052
C             -0.6425067200           -382.9556196800              0.0000000000  Type C  Rank 0
              0.0011818166
C              0.6425067200           -385.3583075100              0.0000000000  Type C  Rank 0
              0.0011984625
C             -0.6425067200           -387.5840168300              0.0000000000  Type C  Rank 0
              0.0012172568
C              0.6425067200           -389.9867046700              0.0000000000  Type C  Rank 0
              0.0012432802
C             -0.6425067200           -392.2124139900              0.0000000000  Type C  Rank 0
              0.0012749189
C              0.6425067200           -394.6151018200              0.0000000000  Type C  Rank 0
              0.0013241434
C             -0.6425067200           -396.8408111400              0.0000000000  Type C  Rank 0
              0.0013920190
C              0.6425067200           -399.2434989700              0.0000000000  Type C  Rank 0
              0.0015190694
C             -0.6425067200           -401.4692082900              0.0000000000  Type C  Rank 0
              0.0017169624
