C             -0.6425067200            399.2434989800              0.0000000000  Type C  Rank 0
              0.0019910933
C              0.6425067200            401.4692083000              0.0000000000  Type C  Rank 0
              0.0022504793
C              0.6425067200            396.8408111500              0.0000000000  Type C  Rank 0
              0.0018245632
C             -0.6425067200            394.6151018300              0.0000000000  Type C  Rank 0
              0.0017355956
C              0.6425067200            392.2124139900              0.0000000000  Type C  Rank 0
              0.0016710744
C             -0.6425067200            389.9867046700              0.0000000000  Type C  Rank 0
              0.0016296037
C              0.6425067200            387.5840168400              0.0000000000  Type C  Rank 0
              0.0015954930
C             -0.6425067200            385.3583075200              0.0000000000  Type C  Rank 0
              0.0015708578
C              0.6425067200            382.9556196900              0.0000000000  Type C  Rank 0
              0.0015490385
C             -0.6425067200            380.7299103700              0.0000000000  Type C  Rank 0
              0.0015322452
C              0.6425067200            378.3272225400              0.0000000000  Type C  Rank 0
              0.0015167546
C             -0.6425067200            376.1015132200              0.0000000000  Type C  Rank 0
              0.0015043961
C              0.6425067200            373.6988253900              0.0000000000  Type C  Rank 0
              0.0014927197
C             -0.6425067200            371.4731160700              0.0000000000  Type C  Rank 0
              0.0014831962
C              0.6425067200            369.0704282400              0.0000000000  Type C  Rank 0
              0.0014740597
C             -0.6425067200            366.8447189200              0.0000000000  Type C  Rank 0
              0.0014664994
C              0.6425067200            364.4420310800              0.0000000000  Type C  Rank 0
              0.0014591721
C             -0.6425067200            362.2163217600              0.0000000000  Type C  Rank 0
              0.0014530500
C              0.6425067200            359.8136339300              0.0000000000  Type C  Rank 0
              0.0014470763
C             -0.6425067200            357.5879246100              0.0000000000  Type C  Rank 0
              0.0014420534
C              0.6425067200            355.1852367800              0.0000000000  Type C  Rank 0
              0.0014371317
C             -0.6425067200            352.9595274600              0.0000000000  Type C  Rank 0
              0.0014329774
C              0.6425067200            350.5568396300              0.0000000000  Type C  Rank 0
              0.0014288983
C             -0.6425067200            348.3311303100              0.0000000000  Type C  Rank 0
              0.0014254498
C              0.6425067200            345.9284424800              0.0000000000  Type C  Rank 0
              0.0014220631
C             -0.6425067200            343.7027331600              0.0000000000  Type C  Rank 0
              0.0014192013
C              0.6425067200            341.3000453200              0.0000000000  Type C  Rank 0
              0.0014163959
C             -0.6425067200            339.0743360000              0.0000000000  Type C  Rank 0
              0.0014140317
C              0.6425067200            336.6716481700              0.0000000000  Type C  Rank 0
              0.0014117237
C             -0.6425067200            334.4459388500              0.0000000000  Type C  Rank 0
              0.0014097891
C              0.6425067200            332.0432510200              0.0000000000  Type C  Rank 0
              0.0014079139
C             -0.6425067200            329.8175417000              0.0000000000  Type C  Rank 0
              0.0014063561
C              0.6425067200            327.4148538700              0.0000000000  Type C  Rank 0
              0.0014048631
C             -0.6425067200            325.1891445500              0.0000000000  Type C  Rank 0
              0.0014036406
C              0.6425067200            322.7864567200              0.0000000000  Type C  Rank 0
              0.0014024899
C             -0.6425067200            320.5607474000              0.0000000000  Type C  Rank 0
              0.0014015697
C              0.6425067200            318.1580595700              0.0000000000  Type C  Rank 0
              0.0014007295
C             -0.6425067200            315.9323502500              0.0000000000  Type C  Rank 0
              0.0014000852
C              0.6425067200            313.5296624100              0.0000000000  Type C  Rank 0
              0.0013995300
C             -0.6425067200            311.3039530900              0.0000000000  Type C  Rank 0
              0.0013991404
C              0.6425067200            308.9012652600              0.0000000000  Type C  Rank 0
              0.0013988496
C             -0.6425067200            306.6755559400              0.0000000000  Type C  Rank 0
              0.0013986977
C              0.6425067200            304.2728681100              0.0000000000  Type C  Rank 0
              0.0013986549
C             -0.6425067200            302.0471587900              0.0000000000  Type C  Rank 0
              0.0013987270
C              0.6425067200            299.6444709600              0.0000000000  Type C  Rank 0
              0.0013989192
C             -0.6425067200            297.4187616400              0.0000000000  Type C  Rank 0
              0.0013992045
C              0.6425067200            295.0160738100              0.0000000000  Type C  Rank 0
              0.0013996211
C             -0.6425067200            292.7903644900              0.0000000000  Type C  Rank 0
              0.0014001111
C              0.6425067200            290.3876766500              0.0000000000  Type C  Rank 0
              0.0014007443
C             -0.6425067200            288.1619673300              0.0000000000  Type C  Rank 0
              0.0014014325
C              0.6425067200            285.7592795000              0.0000000000  Type C  Rank 0
              0.0014022761
C             -0.6425067200            283.5335701800              0.0000000000  Type C  Rank 0
              0.0014031579
C              0.6425067200            281.1308823500              0.0000000000  Type C  Rank 0
              0.0014042078
C             -0.6425067200            278.9051730300              0.0000000000  Type C  Rank 0
              0.0014052800
C              0.6425067200            276.5024852000              0.0000000000  Type C  Rank 0
              0.0014065336
C             -0.6425067200            274.2767758800              0.0000000000  Type C  Rank 0
              0.0014077943
C              0.6425067200            271.8740880500              0.0000000000  Type C  Rank 0
              0.0014092504
C             -0.6425067200            269.6483787300              0.0000000000  Type C  Rank 0
              0.0014106992
C              0.6425067200            267.2456908900              0.0000000000  Type C  Rank 0
              0.0014123579
C             -0.6425067200            265.0199815700              0.0000000000  Type C  Rank 0
              0.0014139956
C              0.6425067200            262.6172937400              0.0000000000  Type C  Rank 0
              0.0014158582
C             -0.6425067200            260.3915844200              0.0000000000  Type C  Rank 0
              0.0014176866
C              0.6425067200            257.9888965900              0.0000000000  Type C  Rank 0
              0.0014197557
C             -0.6425067200            255.7631872700              0.0000000000  Type C  Rank 0
              0.0014217779
C              0.6425067200            253.3604994400              0.0000000000  Type C  Rank 0
              0.0014240573
C             -0.6425067200            251.1347901200              0.0000000000  Type C  Rank 0
              0.0014262771
C              0.6425067200            248.7321022900              0.0000000000  Type C  Rank 0
              0.0014287718
C             -0.6425067200            246.5063929700              0.0000000000  Type C  Rank 0
              0.0014311945
C              0.6425067200            244.1037051400              0.0000000000  Type C  Rank 0
              0.0014339105
C             -0.6425067200            241.8779958200              0.0000000000  Type C  Rank 0
              0.0014365423
C              0.6425067200            239.4753079800              0.0000000000  Type C  Rank 0
              0.0014394870
C             -0.6425067200            237.2495986600              0.0000000000  Type C  Rank 0
              0.0014423353
C              0.6425067200            234.8469108300              0.0000000000  Type C  Rank 0
              0.0014455173
C             -0.6425067200            232.6212015100              0.0000000000  Type C  Rank 0
              0.0014485906
C              0.6425067200            230.2185136800              0.0000000000  Type C  Rank 0
              0.0014520197
C             -0.6425067200            227.9928043600              0.0000000000  Type C  Rank 0
              0.0014553279
C              0.6425067200            225.5901165300              0.0000000000  Type C  Rank 0
              0.0014590154
C             -0.6425067200            223.3644072100              0.0000000000  Type C  Rank 0
              0.0014625698
C              0.6425067200            220.9617193800              0.0000000000  Type C  Rank 0
              0.0014665286
C             -0.6425067200            218.7360100600              0.0000000000  Type C  Rank 0
              0.0014703417
C              0.6425067200            216.3333222200              0.0000000000  Type C  Rank 0
              0.0014745861
C             -0.6425067200            214.1076129000              0.0000000000  Type C  Rank 0
              0.0014786722
C              0.6425067200            211.7049250700              0.0000000000  Type C  Rank 0
              0.0014832186
C             -0.6425067200            209.4792157500              0.0000000000  Type C  Rank 0
              0.0014875937
C              0.6425067200            207.0765279200              0.0000000000  Type C  Rank 0
              0.0014924601
C             -0.6425067200            204.8508186000              0.0000000000  Type C  Rank 0
              0.0014971420
C              0.6425067200            202.4481307700              0.0000000000  Type C  Rank 0
              0.0015023488
C             -0.6425067200            200.2224214500              0.0000000000  Type C  Rank 0
              0.0015073577
C              0.6425067200            197.8197336200              0.0000000000  Type C  Rank 0
              0.0015129276
C             -0.6425067200            195.5940243000              0.0000000000  Type C  Rank 0
              0.0015182857
C              0.6425067200            193.1913364700              0.0000000000  Type C  Rank 0
              0.0015242442
C             -0.6425067200            190.9656271500              0.0000000000  Type C  Rank 0
              0.0015299765
C              0.6425067200            188.5629393100              0.0000000000  Type C  Rank 0
              0.0015363521
C             -0.6425067200            186.3372299900              0.0000000000  Type C  Rank 0
              0.0015424867
C              0.6425067200            183.9345421600              0.0000000000  Type C  Rank 0
              0.0015493112
C             -0.6425067200            181.7088328400              0.0000000000  Type C  Rank 0
              0.0015558794
C              0.6425067200            179.3061450100              0.0000000000  Type C  Rank 0
              0.0015631886
C             -0.6425067200            177.0804356900              0.0000000000  Type C  Rank 0
              0.0015702257
C              0.6425067200            174.6777478600              0.0000000000  Type C  Rank 0
              0.0015780596
C             -0.6425067200            172.4520385400              0.0000000000  Type C  Rank 0
              0.0015856051
C              0.6425067200            170.0493507100              0.0000000000  Type C  Rank 0
              0.0015940090
C             -0.6425067200            167.8236413900              0.0000000000  Type C  Rank 0
              0.0016021076
C              0.6425067200            165.4209535500              0.0000000000  Type C  Rank 0
              0.0016111324
C             -0.6425067200            163.1952442300              0.0000000000  Type C  Rank 0
              0.0016198344
C              0.6425067200            160.7925564000              0.0000000000  Type C  Rank 0
              0.0016295378
C             -0.6425067200            158.5668470800              0.0000000000  Type C  Rank 0
              0.0016389003
C              0.6425067200            156.1641592500              0.0000000000  Type C  Rank 0
              0.0016493475
C             -0.6425067200            153.9384499300              0.0000000000  Type C  Rank 0
              0.0016594354
C              0.6425067200            151.5357621000              0.0000000000  Type C  Rank 0
              0.0016707009
C             -0.6425067200            149.3100527800              0.0000000000  Type C  Rank 0
              0.0016815880
C              0.6425067200            146.9073649500              0.0000000000  Type C  Rank 0
              0.0016937567
C             -0.6425067200            144.6816556300              0.0000000000  Type C  Rank 0
              0.0017055275
C              0.6425067200            142.2789678000              0.0000000000  Type C  Rank 0
              0.0017186968
C             -0.6425067200            140.0532584800              0.0000000000  Type C  Rank 0
              0.0017314483
C              0.6425067200            137.6505706400              0.0000000000  Type C  Rank 0
              0.0017457300
C             -0.6425067200            135.4248613200              0.0000000000  Type C  Rank 0
              0.0017595741
C              0.6425067200            133.0221734900              0.0000000000  Type C  Rank 0
              0.0017750978
C             -0.6425067200            130.7964641700              0.0000000000  Type C  Rank 0
              0.0017901642
C              0.6425067200            128.3937763400              0.0000000000  Type C  Rank 0
              0.0018070800
C             -0.6425067200            126.1680670200              0.0000000000  Type C  Rank 0
              0.0018235194
C              0.6425067200            123.7653791900              0.0000000000  Type C  Rank 0
              0.0018420027
C             -0.6425067200            121.5396698700              0.0000000000  Type C  Rank 0
              0.0018599917
C              0.6425067200            119.1369820400              0.0000000000  Type C  Rank 0
              0.0018802482
C             -0.6425067200            116.9112727200              0.0000000000  Type C  Rank 0
              0.0018999944
C              0.6425067200            114.5085848800              0.0000000000  Type C  Rank 0
              0.0019222669
C             -0.6425067200            112.2828755600              0.0000000000  Type C  Rank 0
              0.0019440163
C              0.6425067200            109.8801877300              0.0000000000  Type C  Rank 0
              0.0019685933
C             -0.6425067200            107.6544784100              0.0000000000  Type C  Rank 0
              0.0019926389
C              0.6425067200            105.2517905800              0.0000000000  Type C  Rank 0
              0.0020198653
C             -0.6425067200            103.0260812600              0.0000000000  Type C  Rank 0
              0.0020465590
C              0.6425067200            100.6233934300              0.0000000000  Type C  Rank 0
              0.0020768504
C             -0.6425067200             98.3976841100              0.0000000000  Type C  Rank 0
              0.0021066178
C              0.6425067200             95.9949962800              0.0000000000  Type C  Rank 0
              0.0021404792
C             -0.6425067200             93.7692869600              0.0000000000  Type C  Rank 0
              0.0021738397
C              0.6425067200             91.3665991300              0.0000000000  Type C  Rank 0
              0.0022118903
C             -0.6425067200             89.1408898100              0.0000000000  Type C  Rank 0
              0.0022494835
C              0.6425067200             86.7382019700              0.0000000000  Type C  Rank 0
              0.0022924894
C             -0.6425067200             84.5124926500              0.0000000000  Type C  Rank 0
              0.0023351111
C              0.6425067200             82.1098048200              0.0000000000  Type C  Rank 0
              0.0023840309
C             -0.6425067200             79.8840955000              0.0000000000  Type C  Rank 0
              0.0024326827
C              0.6425067200             77.4814076700              0.0000000000  Type C  Rank 0
              0.0024887298
C             -0.6425067200             75.2556983500              0.0000000000  Type C  Rank 0
              0.0025446875
C              0.6425067200             72.8530105200              0.0000000000  Type C  Rank 0
              0.0026094186
C             -0.6425067200             70.6273012000              0.0000000000  Type C  Rank 0
              0.0026743304
C              0.6425067200             68.2246133700              0.0000000000  Type C  Rank 0
              0.0027497713
C             -0.6425067200             65.9989040500              0.0000000000  Type C  Rank 0
              0.0028257991
C              0.6425067200             63.5962162100              0.0000000000  Type C  Rank 0
              0.0029146298
C             -0.6425067200             61.3705068900              0.0000000000  Type C  Rank 0
              0.0030046595
C              0.6425067200             58.9678190600              0.0000000000  Type C  Rank 0
              0.0031104912
C             -0.6425067200             56.7421097400              0.0000000000  Type C  Rank 0
              0.0032184505
C              0.6425067200             54.3394219100              0.0000000000  Type C  Rank 0
              0.0033462516
C             -0.6425067200             52.1137125900              0.0000000000  Type C  Rank 0
              0.0034776062
C              0.6425067200             49.7110247600              0.0000000000  Type C  Rank 0
              0.0036343757
C             -0.6425067200             47.4853154400              0.0000000000  Type C  Rank 0
              0.0037969270
C              0.6425067200             45.0826276100              0.0000000000  Type C  Rank 0
              0.0039927966
C             -0.6425067200             42.8569182900              0.0000000000  Type C  Rank 0
              0.0041980082
C              0.6425067200             40.4542304500              0.0000000000  Type C  Rank 0
              0.0044481100
C             -0.6425067200             38.2285211300              0.0000000000  Type C  Rank 0
              0.0047134028
C              0.6425067200             35.8258333000              0.0000000000  Type C  Rank 0
              0.0050411675
C             -0.6425067200             33.6001239800              0.0000000000  Type C  Rank 0
              0.0053940612
C              0.6425067200             31.1974361500              0.0000000000  Type C  Rank 0
              0.0058373067
C             -0.6425067200             28.9717268300              0.0000000000  Type C  Rank 0
              0.0063232342
C              0.6425067200             26.5690390000              0.0000000000  Type C  Rank 0
              0.0069458985
C             -0.6425067200             24.3433296800              0.0000000000  Type C  Rank 0
              0.0076435349
C              0.6425067200             21.9406418500              0.0000000000  Type C  Rank 0
              0.0085589260
C             -0.6425067200             19.7149325300              0.0000000000  Type C  Rank 0
              0.0096104189
C              0.6425067200             17.3122447000              0.0000000000  Type C  Rank 0
              0.0110254316
C             -0.6425067200             15.0865353800              0.0000000000  Type C  Rank 0
              0.0126883076
C              0.6425067200             12.6838475400              0.0000000000  Type C  Rank 0
              0.0149602503
C             -0.6425067200             10.4581382200              0.0000000000  Type C  Rank 0
              0.0176237914
C              0.6425067200              8.0554503900              0.0000000000  Type C  Rank 0
              0.0211206611
C             -0.6425067200              5.8297410700              0.0000000000  Type C  Rank 0
              0.0247923001
C              0.6425067200              3.4270532400              0.0000000000  Type C  Rank 0
              0.0285362207
C             -0.6425067200              1.2013439200              0.0000000000  Type C  Rank 0
              0.0307722006
C              0.6425067200             -1.2013439100              0.0000000000  Type C  Rank 0
              0.0307722006
C             -0.6425067200             -3.4270532300              0.0000000000  Type C  Rank 0
              0.0285362207
C              0.6425067200             -5.8297410600              0.0000000000  Type C  Rank 0
              0.0247923001
C             -0.6425067200             -8.0554503800              0.0000000000  Type C  Rank 0
              0.0211206611
C              0.6425067200            -10.4581382200              0.0000000000  Type C  Rank 0
              0.0176237914
C             -0.6425067200            -12.6838475400              0.0000000000  Type C  Rank 0
              0.0149602503
C              0.6425067200            -15.0865353700              0.0000000000  Type C  Rank 0
              0.0126883076
C             -0.6425067200            -17.3122446900              0.0000000000  Type C  Rank 0
              0.0110254316
C              0.6425067200            -19.7149325200              0.0000000000  Type C  Rank 0
              0.0096104190
C             -0.6425067200            -21.9406418400              0.0000000000  Type C  Rank 0
              0.0085589260
C              0.6425067200            -24.3433296700              0.0000000000  Type C  Rank 0
              0.0076435349
C             -0.6425067200            -26.5690389900              0.0000000000  Type C  Rank 0
              0.0069458985
C              0.6425067200            -28.9717268200              0.0000000000  Type C  Rank 0
              0.0063232342
C             -0.6425067200            -31.1974361400              0.0000000000  Type C  Rank 0
              0.0058373067
C              0.6425067200            -33.6001239700              0.0000000000  Type C  Rank 0
              0.0053940612
C             -0.6425067200            -35.8258332900              0.0000000000  Type C  Rank 0
              0.0050411675
C              0.6425067200            -38.2285211300              0.0000000000  Type C  Rank 0
              0.0047134028
C             -0.6425067200            -40.4542304500              0.0000000000  Type C  Rank 0
              0.0044481100
C              0.6425067200            -42.8569182800              0.0000000000  Type C  Rank 0
              0.0041980082
C             -0.6425067200            -45.0826276000              0.0000000000  Type C  Rank 0
              0.0039927966
C              0.6425067200            -47.4853154300              0.0000000000  Type C  Rank 0
              0.0037969270
C             -0.6425067200            -49.7110247500              0.0000000000  Type C  Rank 0
              0.0036343757
C              0.6425067200            -52.1137125800              0.0000000000  Type C  Rank 0
              0.0034776062
C             -0.6425067200            -54.3394219000              0.0000000000  Type C  Rank 0
              0.0033462516
C              0.6425067200            -56.7421097300              0.0000000000  Type C  Rank 0
              0.0032184505
C             -0.6425067200            -58.9678190500              0.0000000000  Type C  Rank 0
              0.0031104912
C              0.6425067200            -61.3705068900              0.0000000000  Type C  Rank 0
              0.0030046595
C             -0.6425067200            -63.5962162100              0.0000000000  Type C  Rank 0
              0.0029146298
C              0.6425067200            -65.9989040400              0.0000000000  Type C  Rank 0
              0.0028257991
C             -0.6425067200            -68.2246133600              0.0000000000  Type C  Rank 0
              0.0027497713
C              0.6425067200            -70.6273011900              0.0000000000  Type C  Rank 0
              0.0026743304
C             -0.6425067200            -72.8530105100              0.0000000000  Type C  Rank 0
              0.0026094187
C              0.6425067200            -75.2556983400              0.0000000000  Type C  Rank 0
              0.0025446875
C             -0.6425067200            -77.4814076600              0.0000000000  Type C  Rank 0
              0.0024887298
C              0.6425067200            -79.8840954900              0.0000000000  Type C  Rank 0
              0.0024326827
C             -0.6425067200            -82.1098048100              0.0000000000  Type C  Rank 0
              0.0023840309
C              0.6425067200            -84.5124926400              0.0000000000  Type C  Rank 0
              0.0023351111
C             -0.6425067200            -86.7382019600              0.0000000000  Type C  Rank 0
              0.0022924894
C              0.6425067200            -89.1408898000              0.0000000000  Type C  Rank 0
              0.0022494835
C             -0.6425067200            -91.3665991200              0.0000000000  Type C  Rank 0
              0.0022118903
C              0.6425067200            -93.7692869500              0.0000000000  Type C  Rank 0
              0.0021738397
C             -0.6425067200            -95.9949962700              0.0000000000  Type C  Rank 0
              0.0021404792
C              0.6425067200            -98.3976841000              0.0000000000  Type C  Rank 0
              0.0021066178
C             -0.6425067200           -100.6233934200              0.0000000000  Type C  Rank 0
              0.0020768504
C              0.6425067200           -103.0260812500              0.0000000000  Type C  Rank 0
              0.0020465590
C             -0.6425067200           -105.2517905700              0.0000000000  Type C  Rank 0
              0.0020198653
C              0.6425067200           -107.6544784000              0.0000000000  Type C  Rank 0
              0.0019926389
C             -0.6425067200           -109.8801877200              0.0000000000  Type C  Rank 0
              0.0019685933
C              0.6425067200           -112.2828755600              0.0000000000  Type C  Rank 0
              0.0019440163
C             -0.6425067200           -114.5085848800              0.0000000000  Type C  Rank 0
              0.0019222669
C              0.6425067200           -116.9112727100              0.0000000000  Type C  Rank 0
              0.0018999944
C             -0.6425067200           -119.1369820300              0.0000000000  Type C  Rank 0
              0.0018802482
C              0.6425067200           -121.5396698600              0.0000000000  Type C  Rank 0
              0.0018599917
C             -0.6425067200           -123.7653791800              0.0000000000  Type C  Rank 0
              0.0018420027
C              0.6425067200           -126.1680670100              0.0000000000  Type C  Rank 0
              0.0018235194
C             -0.6425067200           -128.3937763300              0.0000000000  Type C  Rank 0
              0.0018070800
C              0.6425067200           -130.7964641600              0.0000000000  Type C  Rank 0
              0.0017901642
C             -0.6425067200           -133.0221734800              0.0000000000  Type C  Rank 0
              0.0017750978
C              0.6425067200           -135.4248613200              0.0000000000  Type C  Rank 0
              0.0017595741
C             -0.6425067200           -137.6505706400              0.0000000000  Type C  Rank 0
              0.0017457300
C              0.6425067200           -140.0532584700              0.0000000000  Type C  Rank 0
              0.0017314483
C             -0.6425067200           -142.2789677900              0.0000000000  Type C  Rank 0
              0.0017186968
C              0.6425067200           -144.6816556200              0.0000000000  Type C  Rank 0
              0.0017055275
C             -0.6425067200           -146.9073649400              0.0000000000  Type C  Rank 0
              0.0016937567
C              0.6425067200           -149.3100527700              0.0000000000  Type C  Rank 0
              0.0016815880
C             -0.6425067200           -151.5357620900              0.0000000000  Type C  Rank 0
              0.0016707009
C              0.6425067200           -153.9384499200              0.0000000000  Type C  Rank 0
              0.0016594354
C             -0.6425067200           -156.1641592400              0.0000000000  Type C  Rank 0
              0.0016493475
C              0.6425067200           -158.5668470700              0.0000000000  Type C  Rank 0
              0.0016389003
C             -0.6425067200           -160.7925563900              0.0000000000  Type C  Rank 0
              0.0016295378
C              0.6425067200           -163.1952442300              0.0000000000  Type C  Rank 0
              0.0016198344
C             -0.6425067200           -165.4209535500              0.0000000000  Type C  Rank 0
              0.0016111324
C              0.6425067200           -167.8236413800              0.0000000000  Type C  Rank 0
              0.0016021076
C             -0.6425067200           -170.0493507000              0.0000000000  Type C  Rank 0
              0.0015940090
C              0.6425067200           -172.4520385300              0.0000000000  Type C  Rank 0
              0.0015856051
C             -0.6425067200           -174.6777478500              0.0000000000  Type C  Rank 0
              0.0015780596
C              0.6425067200           -177.0804356800              0.0000000000  Type C  Rank 0
              0.0015702257
C             -0.6425067200           -179.3061450000              0.0000000000  Type C  Rank 0
              0.0015631886
C              0.6425067200           -181.7088328300              0.0000000000  Type C  Rank 0
              0.0015558794
C             -0.6425067200           -183.9345421500              0.0000000000  Type C  Rank 0
              0.0015493112
C              0.6425067200           -186.3372299900              0.0000000000  Type C  Rank 0
              0.0015424867
C             -0.6425067200           -188.5629393100              0.0000000000  Type C  Rank 0
              0.0015363521
C              0.6425067200           -190.9656271400              0.0000000000  Type C  Rank 0
              0.0015299765
C             -0.6425067200           -193.1913364600              0.0000000000  Type C  Rank 0
              0.0015242442
C              0.6425067200           -195.5940242900              0.0000000000  Type C  Rank 0
              0.0015182857
C             -0.6425067200           -197.8197336100              0.0000000000  Type C  Rank 0
              0.0015129276
C              0.6425067200           -200.2224214400              0.0000000000  Type C  Rank 0
              0.0015073577
C             -0.6425067200           -202.4481307600              0.0000000000  Type C  Rank 0
              0.0015023488
C              0.6425067200           -204.8508185900              0.0000000000  Type C  Rank 0
              0.0014971420
C             -0.6425067200           -207.0765279100              0.0000000000  Type C  Rank 0
              0.0014924601
C              0.6425067200           -209.4792157400              0.0000000000  Type C  Rank 0
              0.0014875937
C             -0.6425067200           -211.7049250600              0.0000000000  Type C  Rank 0
              0.0014832186
C              0.6425067200           -214.1076129000              0.0000000000  Type C  Rank 0
              0.0014786722
C             -0.6425067200           -216.3333222200              0.0000000000  Type C  Rank 0
              0.0014745861
C              0.6425067200           -218.7360100500              0.0000000000  Type C  Rank 0
              0.0014703417
C             -0.6425067200           -220.9617193700              0.0000000000  Type C  Rank 0
              0.0014665286
C              0.6425067200           -223.3644072000              0.0000000000  Type C  Rank 0
              0.0014625698
C             -0.6425067200           -225.5901165200              0.0000000000  Type C  Rank 0
              0.0014590154
C              0.6425067200           -227.9928043500              0.0000000000  Type C  Rank 0
              0.0014553279
C             -0.6425067200           -230.2185136700              0.0000000000  Type C  Rank 0
              0.0014520197
C              0.6425067200           -232.6212015000              0.0000000000  Type C  Rank 0
              0.0014485906
C             -0.6425067200           -234.8469108200              0.0000000000  Type C  Rank 0
              0.0014455173
C              0.6425067200           -237.2495986600              0.0000000000  Type C  Rank 0
              0.0014423353
C             -0.6425067200           -239.4753079800              0.0000000000  Type C  Rank 0
              0.0014394870
C              0.6425067200           -241.8779958100              0.0000000000  Type C  Rank 0
              0.0014365423
C             -0.6425067200           -244.1037051300              0.0000000000  Type C  Rank 0
              0.0014339105
C              0.6425067200           -246.5063929600              0.0000000000  Type C  Rank 0
              0.0014311945
C             -0.6425067200           -248.7321022800              0.0000000000  Type C  Rank 0
              0.0014287718
C              0.6425067200           -251.1347901100              0.0000000000  Type C  Rank 0
              0.0014262771
C             -0.6425067200           -253.3604994300              0.0000000000  Type C  Rank 0
              0.0014240573
C              0.6425067200           -255.7631872600              0.0000000000  Type C  Rank 0
              0.0014217779
C             -0.6425067200           -257.9888965800              0.0000000000  Type C  Rank 0
              0.0014197557
C              0.6425067200           -260.3915844100              0.0000000000  Type C  Rank 0
              0.0014176866
C             -0.6425067200           -262.6172937300              0.0000000000  Type C  Rank 0
              0.0014158582
C              0.6425067200           -265.0199815700              0.0000000000  Type C  Rank 0
              0.0014139956
C             -0.6425067200           -267.2456908900              0.0000000000  Type C  Rank 0
              0.0014123579
C              0.6425067200           -269.6483787200              0.0000000000  Type C  Rank 0
              0.0014106992
C             -0.6425067200           -271.8740880400              0.0000000000  Type C  Rank 0
              0.0014092504
C              0.6425067200           -274.2767758700              0.0000000000  Type C  Rank 0
              0.0014077943
C             -0.6425067200           -276.5024851900              0.0000000000  Type C  Rank 0
              0.0014065336
C              0.6425067200           -278.9051730200              0.0000000000  Type C  Rank 0
              0.0014052800
C             -0.6425067200           -281.1308823400              0.0000000000  Type C  Rank 0
              0.0014042078
C              0.6425067200           -283.5335701700              0.0000000000  Type C  Rank 0
              0.0014031579
C             -0.6425067200           -285.7592794900              0.0000000000  Type C  Rank 0
              0.0014022761
C              0.6425067200           -288.1619673300              0.0000000000  Type C  Rank 0
              0.0014014325
C             -0.6425067200           -290.3876766500              0.0000000000  Type C  Rank 0
              0.0014007443
C              0.6425067200           -292.7903644800              0.0000000000  Type C  Rank 0
              0.0014001111
C             -0.6425067200           -295.0160738000              0.0000000000  Type C  Rank 0
              0.0013996211
C              0.6425067200           -297.4187616300              0.0000000000  Type C  Rank 0
              0.0013992045
C             -0.6425067200           -299.6444709500              0.0000000000  Type C  Rank 0
              0.0013989192
C              0.6425067200           -302.0471587800              0.0000000000  Type C  Rank 0
              0.0013987270
C             -0.6425067200           -304.2728681000              0.0000000000  Type C  Rank 0
              0.0013986549
C              0.6425067200           -306.6755559300              0.0000000000  Type C  Rank 0
              0.0013986977
C             -0.6425067200           -308.9012652500              0.0000000000  Type C  Rank 0
              0.0013988496
C              0.6425067200           -311.3039530900              0.0000000000  Type C  Rank 0
              0.0013991404
C             -0.6425067200           -313.5296624100              0.0000000000  Type C  Rank 0
              0.0013995300
C              0.6425067200           -315.9323502400              0.0000000000  Type C  Rank 0
              0.0014000852
C             -0.6425067200           -318.1580595600              0.0000000000  Type C  Rank 0
              0.0014007295
C              0.6425067200           -320.5607473900              0.0000000000  Type C  Rank 0
              0.0014015697
C             -0.6425067200           -322.7864567100              0.0000000000  Type C  Rank 0
              0.0014024899
C              0.6425067200           -325.1891445400              0.0000000000  Type C  Rank 0
              0.0014036406
C             -0.6425067200           -327.4148538600              0.0000000000  Type C  Rank 0
              0.0014048631
C              0.6425067200           -329.8175416900              0.0000000000  Type C  Rank 0
              0.0014063561
C             -0.6425067200           -332.0432510100              0.0000000000  Type C  Rank 0
              0.0014079139
C              0.6425067200           -334.4459388400              0.0000000000  Type C  Rank 0
              0.0014097891
C             -0.6425067200           -336.6716481600              0.0000000000  Type C  Rank 0
              0.0014117237
C              0.6425067200           -339.0743360000              0.0000000000  Type C  Rank 0
              0.0014140317
C             -0.6425067200           -341.3000453200              0.0000000000  Type C  Rank 0
              0.0014163959
C              0.6425067200           -343.7027331500              0.0000000000  Type C  Rank 0
              0.0014192013
C             -0.6425067200           -345.9284424700              0.0000000000  Type C  Rank 0
              0.0014220631
C              0.6425067200           -348.3311303000              0.0000000000  Type C  Rank 0
              0.0014254498
C             -0.6425067200           -350.5568396200              0.0000000000  Type C  Rank 0
              0.0014288983
C              0.6425067200           -352.9595274500              0.0000000000  Type C  Rank 0
              0.0014329774
C             -0.6425067200           -355.1852367700              0.0000000000  Type C  Rank 0
              0.0014371317
C              0.6425067200           -357.5879246000              0.0000000000  Type C  Rank 0
              0.0014420534
C             -0.6425067200           -359.8136339200              0.0000000000  Type C  Rank 0
              0.0014470764
C              0.6425067200           -362.2163217600              0.0000000000  Type C  Rank 0
              0.0014530500
C             -0.6425067200           -364.4420310800              0.0000000000  Type C  Rank 0
              0.0014591721
C              0.6425067200           -366.8447189100              0.0000000000  Type C  Rank 0
              0.0014664994
C             -0.6425067200           -369.0704282300              0.0000000000  Type C  Rank 0
              0.0014740597
C              0.6425067200           -371.4731160600              0.0000000000  Type C  Rank 0
              0.0014831962
C             -0.6425067200           -373.6988253800              0.0000000000  Type C  Rank 0
              0.0014927197
C              0.6425067200           -376.1015132100              0.0000000000  Type C  Rank 0
              0.0015043961
C             -0.6425067200           -378.3272225300              0.0000000000  Type C  Rank 0
              0.0015167546
C              0.6425067200           -380.7299103600              0.0000000000  Type C  Rank 0
              0.0015322452
C             -0.6425067200           -382.9556196800              0.0000000000  Type C  Rank 0
              0.0015490385
C              0.6425067200           -385.3583075100              0.0000000000  Type C  Rank 0
              0.0015708578
C             -0.6425067200           -387.5840168300              0.0000000000  Type C  Rank 0
              0.0015954930
C              0.6425067200           -389.9867046700              0.0000000000  Type C  Rank 0
              0.0016296037
C             -0.6425067200           -392.2124139900              0.0000000000  Type C  Rank 0
              0.0016710744
C              0.6425067200           -394.6151018200              0.0000000000  Type C  Rank 0
              0.0017355956
C             -0.6425067200           -396.8408111400              0.0000000000  Type C  Rank 0
              0.0018245632
C              0.6425067200           -399.2434989700              0.0000000000  Type C  Rank 0
              0.0019910933
C             -0.6425067200           -401.4692082900              0.0000000000  Type C  Rank 0
              0.0022504793
